2013-07-09 15:39:32,317 ERROR [us.mn.state.health.lims.common.log.LogEvent] Class: DefaultConfigurationProperties, Method: , Error: java.lang.NullPointerException
2013-07-09 15:39:32,319 ERROR [us.mn.state.health.lims.common.log.LogEvent] Class: Versioning, Method: , Error: java.lang.NullPointerException
2013-07-09 15:39:32,465 ERROR [us.mn.state.health.lims.common.log.LogEvent] Class: SystemConfiguration, Method: Constructor, Error: java.lang.NullPointerException
2013-07-09 15:40:05,767 INFO  [org.hibernate.cfg.Environment] Hibernate 3.1.3
2013-07-09 15:40:05,769 INFO  [org.hibernate.cfg.Environment] hibernate.properties not found
2013-07-09 15:40:05,770 INFO  [org.hibernate.cfg.Environment] using CGLIB reflection optimizer
2013-07-09 15:40:05,770 INFO  [org.hibernate.cfg.Environment] using JDK 1.4 java.sql.Timestamp handling
2013-07-09 15:40:05,803 INFO  [org.hibernate.cfg.Configuration] configuring from resource: /us/mn/state/health/lims/hibernate/hibernate.cfg.xml
2013-07-09 15:40:05,803 INFO  [org.hibernate.cfg.Configuration] Configuration resource: /us/mn/state/health/lims/hibernate/hibernate.cfg.xml
2013-07-09 15:40:05,862 INFO  [org.hibernate.cfg.Configuration] Reading mappings from resource: us/mn/state/health/lims/action/valueholder/Action.hbm.xml
2013-07-09 15:40:05,961 INFO  [org.hibernate.cfg.HbmBinder] Mapping class: us.mn.state.health.lims.action.valueholder.Action -> ACTION
2013-07-09 15:40:05,970 INFO  [org.hibernate.cfg.Configuration] Reading mappings from resource: us/mn/state/health/lims/analysis/valueholder/Analysis.hbm.xml
2013-07-09 15:40:06,031 INFO  [org.hibernate.cfg.HbmBinder] Mapping class: us.mn.state.health.lims.analysis.valueholder.Analysis -> ANALYSIS
2013-07-09 15:40:06,071 INFO  [org.hibernate.cfg.Configuration] Reading mappings from resource: us/mn/state/health/lims/analysisqaevent/valueholder/AnalysisQaEvent.hbm.xml
2013-07-09 15:40:06,120 INFO  [org.hibernate.cfg.HbmBinder] Mapping class: us.mn.state.health.lims.analysisqaevent.valueholder.AnalysisQaEvent -> ANALYSIS_QAEVENT
2013-07-09 15:40:06,120 INFO  [org.hibernate.cfg.Configuration] Reading mappings from resource: us/mn/state/health/lims/analysisqaeventaction/valueholder/AnalysisQaEventAction.hbm.xml
2013-07-09 15:40:06,151 INFO  [org.hibernate.cfg.HbmBinder] Mapping class: us.mn.state.health.lims.analysisqaeventaction.valueholder.AnalysisQaEventAction -> ANALYSIS_QAEVENT_ACTION
2013-07-09 15:40:06,151 INFO  [org.hibernate.cfg.Configuration] Reading mappings from resource: us/mn/state/health/lims/analyte/valueholder/Analyte.hbm.xml
2013-07-09 15:40:06,174 INFO  [org.hibernate.cfg.HbmBinder] Mapping class: us.mn.state.health.lims.analyte.valueholder.Analyte -> ANALYTE
2013-07-09 15:40:06,175 INFO  [org.hibernate.cfg.Configuration] Reading mappings from resource: us/mn/state/health/lims/audittrail/valueholder/History.hbm.xml
2013-07-09 15:40:06,198 INFO  [org.hibernate.cfg.HbmBinder] Mapping class: us.mn.state.health.lims.audittrail.valueholder.History -> HISTORY
2013-07-09 15:40:06,199 INFO  [org.hibernate.cfg.Configuration] Reading mappings from resource: us/mn/state/health/lims/citystatezip/valueholder/CityStateZip.hbm.xml
2013-07-09 15:40:06,224 INFO  [org.hibernate.cfg.HbmBinder] Mapping class: us.mn.state.health.lims.citystatezip.valueholder.CityStateZip -> CITY_STATE_ZIP
2013-07-09 15:40:06,225 INFO  [org.hibernate.cfg.Configuration] Reading mappings from resource: us/mn/state/health/lims/citystatezip/valueholder/CityView.hbm.xml
2013-07-09 15:40:06,239 INFO  [org.hibernate.cfg.HbmBinder] Mapping class: us.mn.state.health.lims.citystatezip.valueholder.CityView -> CITY_VIEW
2013-07-09 15:40:06,240 INFO  [org.hibernate.cfg.Configuration] Reading mappings from resource: us/mn/state/health/lims/citystatezip/valueholder/StateView.hbm.xml
2013-07-09 15:40:06,256 INFO  [org.hibernate.cfg.HbmBinder] Mapping class: us.mn.state.health.lims.citystatezip.valueholder.StateView -> STATE_VIEW
2013-07-09 15:40:06,256 INFO  [org.hibernate.cfg.Configuration] Reading mappings from resource: us/mn/state/health/lims/codeelementtype/valueholder/CodeElementType.hbm.xml
2013-07-09 15:40:06,272 INFO  [org.hibernate.cfg.HbmBinder] Mapping class: us.mn.state.health.lims.codeelementtype.valueholder.CodeElementType -> CODE_ELEMENT_TYPE
2013-07-09 15:40:06,273 INFO  [org.hibernate.cfg.Configuration] Reading mappings from resource: us/mn/state/health/lims/codeelementxref/valueholder/CodeElementXref.hbm.xml
2013-07-09 15:40:06,289 INFO  [org.hibernate.cfg.HbmBinder] Mapping class: us.mn.state.health.lims.codeelementxref.valueholder.CodeElementXref -> CODE_ELEMENT_XREF
2013-07-09 15:40:06,290 INFO  [org.hibernate.cfg.Configuration] Reading mappings from resource: us/mn/state/health/lims/county/valueholder/County.hbm.xml
2013-07-09 15:40:06,306 INFO  [org.hibernate.cfg.HbmBinder] Mapping class: us.mn.state.health.lims.county.valueholder.County -> COUNTY
2013-07-09 15:40:06,306 INFO  [org.hibernate.cfg.Configuration] Reading mappings from resource: us/mn/state/health/lims/dictionary/valueholder/Dictionary.hbm.xml
2013-07-09 15:40:06,327 INFO  [org.hibernate.cfg.HbmBinder] Mapping class: us.mn.state.health.lims.dictionary.valueholder.Dictionary -> DICTIONARY
2013-07-09 15:40:06,328 INFO  [org.hibernate.cfg.Configuration] Reading mappings from resource: us/mn/state/health/lims/dictionarycategory/valueholder/DictionaryCategory.hbm.xml
2013-07-09 15:40:06,345 INFO  [org.hibernate.cfg.HbmBinder] Mapping class: us.mn.state.health.lims.dictionarycategory.valueholder.DictionaryCategory -> DICTIONARY_CATEGORY
2013-07-09 15:40:06,345 INFO  [org.hibernate.cfg.Configuration] Reading mappings from resource: us/mn/state/health/lims/gender/valueholder/Gender.hbm.xml
2013-07-09 15:40:06,366 INFO  [org.hibernate.cfg.HbmBinder] Mapping class: us.mn.state.health.lims.gender.valueholder.Gender -> GENDER
2013-07-09 15:40:06,366 INFO  [org.hibernate.cfg.Configuration] Reading mappings from resource: us/mn/state/health/lims/label/valueholder/Label.hbm.xml
2013-07-09 15:40:06,385 INFO  [org.hibernate.cfg.HbmBinder] Mapping class: us.mn.state.health.lims.label.valueholder.Label -> LABEL
2013-07-09 15:40:06,385 INFO  [org.hibernate.cfg.Configuration] Reading mappings from resource: us/mn/state/health/lims/messageorganization/valueholder/MessageOrganization.hbm.xml
2013-07-09 15:40:06,403 INFO  [org.hibernate.cfg.HbmBinder] Mapping class: us.mn.state.health.lims.messageorganization.valueholder.MessageOrganization -> MESSAGE_ORG
2013-07-09 15:40:06,403 INFO  [org.hibernate.cfg.Configuration] Reading mappings from resource: us/mn/state/health/lims/method/valueholder/Method.hbm.xml
2013-07-09 15:40:06,420 INFO  [org.hibernate.cfg.HbmBinder] Mapping class: us.mn.state.health.lims.method.valueholder.Method -> METHOD
2013-07-09 15:40:06,420 INFO  [org.hibernate.cfg.Configuration] Reading mappings from resource: us/mn/state/health/lims/note/valueholder/Note.hbm.xml
2013-07-09 15:40:06,437 INFO  [org.hibernate.cfg.HbmBinder] Mapping class: us.mn.state.health.lims.note.valueholder.Note -> NOTE
2013-07-09 15:40:06,437 INFO  [org.hibernate.cfg.Configuration] Reading mappings from resource: us/mn/state/health/lims/organization/valueholder/Organization.hbm.xml
2013-07-09 15:40:06,460 INFO  [org.hibernate.cfg.HbmBinder] Mapping class: us.mn.state.health.lims.organization.valueholder.Organization -> ORGANIZATION
2013-07-09 15:40:06,463 INFO  [org.hibernate.cfg.HbmBinder] Mapping collection: us.mn.state.health.lims.organization.valueholder.Organization.organizationTypes -> organization_organization_type
2013-07-09 15:40:06,465 INFO  [org.hibernate.cfg.Configuration] Reading mappings from resource: us/mn/state/health/lims/panel/valueholder/Panel.hbm.xml
2013-07-09 15:40:06,481 INFO  [org.hibernate.cfg.HbmBinder] Mapping class: us.mn.state.health.lims.panel.valueholder.Panel -> PANEL
2013-07-09 15:40:06,482 INFO  [org.hibernate.cfg.Configuration] Reading mappings from resource: us/mn/state/health/lims/panelitem/valueholder/PanelItem.hbm.xml
2013-07-09 15:40:06,496 INFO  [org.hibernate.cfg.HbmBinder] Mapping class: us.mn.state.health.lims.panelitem.valueholder.PanelItem -> PANEL_ITEM
2013-07-09 15:40:06,497 INFO  [org.hibernate.cfg.Configuration] Reading mappings from resource: us/mn/state/health/lims/patient/valueholder/Patient.hbm.xml
2013-07-09 15:40:06,516 INFO  [org.hibernate.cfg.HbmBinder] Mapping class: us.mn.state.health.lims.patient.valueholder.Patient -> PATIENT
2013-07-09 15:40:06,517 INFO  [org.hibernate.cfg.Configuration] Reading mappings from resource: us/mn/state/health/lims/patienttype/valueholder/PatientType.hbm.xml
2013-07-09 15:40:06,533 INFO  [org.hibernate.cfg.HbmBinder] Mapping class: us.mn.state.health.lims.patienttype.valueholder.PatientType -> PATIENT_TYPE
2013-07-09 15:40:06,533 INFO  [org.hibernate.cfg.Configuration] Reading mappings from resource: us/mn/state/health/lims/person/valueholder/Person.hbm.xml
2013-07-09 15:40:06,551 INFO  [org.hibernate.cfg.HbmBinder] Mapping class: us.mn.state.health.lims.person.valueholder.Person -> PERSON
2013-07-09 15:40:06,552 INFO  [org.hibernate.cfg.Configuration] Reading mappings from resource: us/mn/state/health/lims/program/valueholder/Program.hbm.xml
2013-07-09 15:40:06,566 INFO  [org.hibernate.cfg.HbmBinder] Mapping class: us.mn.state.health.lims.program.valueholder.Program -> PROGRAM
2013-07-09 15:40:06,567 INFO  [org.hibernate.cfg.Configuration] Reading mappings from resource: us/mn/state/health/lims/project/valueholder/Project.hbm.xml
2013-07-09 15:40:06,584 INFO  [org.hibernate.cfg.HbmBinder] Mapping class: us.mn.state.health.lims.project.valueholder.Project -> PROJECT
2013-07-09 15:40:06,585 INFO  [org.hibernate.cfg.HbmBinder] Mapping collection: us.mn.state.health.lims.project.valueholder.Project.organizations -> project_organization
2013-07-09 15:40:06,585 INFO  [org.hibernate.cfg.Configuration] Reading mappings from resource: us/mn/state/health/lims/provider/valueholder/Provider.hbm.xml
2013-07-09 15:40:06,596 INFO  [org.hibernate.cfg.HbmBinder] Mapping class: us.mn.state.health.lims.provider.valueholder.Provider -> PROVIDER
2013-07-09 15:40:06,597 INFO  [org.hibernate.cfg.Configuration] Reading mappings from resource: us/mn/state/health/lims/qaevent/valueholder/QaEvent.hbm.xml
2013-07-09 15:40:06,609 INFO  [org.hibernate.cfg.HbmBinder] Mapping class: us.mn.state.health.lims.qaevent.valueholder.QaEvent -> QA_EVENT
2013-07-09 15:40:06,609 INFO  [org.hibernate.cfg.Configuration] Reading mappings from resource: us/mn/state/health/lims/receivercodeelement/valueholder/ReceiverCodeElement.hbm.xml
2013-07-09 15:40:06,629 INFO  [org.hibernate.cfg.HbmBinder] Mapping class: us.mn.state.health.lims.receivercodeelement.valueholder.ReceiverCodeElement -> RECEIVER_CODE_ELEMENT
2013-07-09 15:40:06,630 INFO  [org.hibernate.cfg.Configuration] Reading mappings from resource: us/mn/state/health/lims/referencetables/valueholder/ReferenceTables.hbm.xml
2013-07-09 15:40:06,643 INFO  [org.hibernate.cfg.HbmBinder] Mapping class: us.mn.state.health.lims.referencetables.valueholder.ReferenceTables -> REFERENCE_TABLES
2013-07-09 15:40:06,643 INFO  [org.hibernate.cfg.Configuration] Reading mappings from resource: us/mn/state/health/lims/region/valueholder/Region.hbm.xml
2013-07-09 15:40:06,655 INFO  [org.hibernate.cfg.HbmBinder] Mapping class: us.mn.state.health.lims.region.valueholder.Region -> REGION
2013-07-09 15:40:06,656 INFO  [org.hibernate.cfg.Configuration] Reading mappings from resource: us/mn/state/health/lims/reports/send/sample/valueholder/SampleTransmissionSequence.hbm.xml
2013-07-09 15:40:06,666 INFO  [org.hibernate.cfg.HbmBinder] Mapping class: us.mn.state.health.lims.reports.send.sample.valueholder.SampleTransmissionSequence -> HL7_TRANSMISSION_SEQUENCE
2013-07-09 15:40:06,666 INFO  [org.hibernate.cfg.Configuration] Reading mappings from resource: us/mn/state/health/lims/result/valueholder/Result.hbm.xml
2013-07-09 15:40:06,682 INFO  [org.hibernate.cfg.HbmBinder] Mapping class: us.mn.state.health.lims.result.valueholder.Result -> RESULT
2013-07-09 15:40:06,683 INFO  [org.hibernate.cfg.Configuration] Reading mappings from resource: us/mn/state/health/lims/result/valueholder/ResultSignature.hbm.xml
2013-07-09 15:40:06,694 INFO  [org.hibernate.cfg.HbmBinder] Mapping class: us.mn.state.health.lims.result.valueholder.ResultSignature -> RESULT_SIGNATURE
2013-07-09 15:40:06,695 INFO  [org.hibernate.cfg.Configuration] Reading mappings from resource: us/mn/state/health/lims/result/valueholder/ResultInventory.hbm.xml
2013-07-09 15:40:06,705 INFO  [org.hibernate.cfg.HbmBinder] Mapping class: us.mn.state.health.lims.result.valueholder.ResultInventory -> RESULT_INVENTORY
2013-07-09 15:40:06,706 INFO  [org.hibernate.cfg.Configuration] Reading mappings from resource: us/mn/state/health/lims/resultlimits/valueholder/ResultLimit.hbm.xml
2013-07-09 15:40:06,718 INFO  [org.hibernate.cfg.HbmBinder] Mapping class: us.mn.state.health.lims.resultlimits.valueholder.ResultLimit -> RESULT_LIMITS
2013-07-09 15:40:06,718 INFO  [org.hibernate.cfg.Configuration] Reading mappings from resource: us/mn/state/health/lims/sample/valueholder/Sample.hbm.xml
2013-07-09 15:40:06,729 INFO  [org.hibernate.cfg.HbmBinder] Mapping class: us.mn.state.health.lims.sample.valueholder.Sample -> SAMPLE
2013-07-09 15:40:06,730 INFO  [org.hibernate.cfg.Configuration] Reading mappings from resource: us/mn/state/health/lims/sampledomain/valueholder/SampleDomain.hbm.xml
2013-07-09 15:40:06,737 INFO  [org.hibernate.cfg.HbmBinder] Mapping class: us.mn.state.health.lims.sampledomain.valueholder.SampleDomain -> SAMPLE_DOMAIN
2013-07-09 15:40:06,737 INFO  [org.hibernate.cfg.Configuration] Reading mappings from resource: us/mn/state/health/lims/samplehuman/valueholder/SampleHuman.hbm.xml
2013-07-09 15:40:06,744 INFO  [org.hibernate.cfg.HbmBinder] Mapping class: us.mn.state.health.lims.samplehuman.valueholder.SampleHuman -> SAMPLE_HUMAN
2013-07-09 15:40:06,745 INFO  [org.hibernate.cfg.Configuration] Reading mappings from resource: us/mn/state/health/lims/sampleitem/valueholder/SampleItem.hbm.xml
2013-07-09 15:40:06,753 INFO  [org.hibernate.cfg.HbmBinder] Mapping class: us.mn.state.health.lims.sampleitem.valueholder.SampleItem -> SAMPLE_ITEM
2013-07-09 15:40:06,754 INFO  [org.hibernate.cfg.Configuration] Reading mappings from resource: us/mn/state/health/lims/sampleorganization/valueholder/SampleOrganization.hbm.xml
2013-07-09 15:40:06,764 INFO  [org.hibernate.cfg.HbmBinder] Mapping class: us.mn.state.health.lims.sampleorganization.valueholder.SampleOrganization -> SAMPLE_ORGANIZATION
2013-07-09 15:40:06,764 INFO  [org.hibernate.cfg.Configuration] Reading mappings from resource: us/mn/state/health/lims/sampleproject/valueholder/SampleProject.hbm.xml
2013-07-09 15:40:06,774 INFO  [org.hibernate.cfg.HbmBinder] Mapping class: us.mn.state.health.lims.sampleproject.valueholder.SampleProject -> SAMPLE_PROJECTS
2013-07-09 15:40:06,775 INFO  [org.hibernate.cfg.Configuration] Reading mappings from resource: us/mn/state/health/lims/sampleqaevent/valueholder/SampleQaEvent.hbm.xml
2013-07-09 15:40:06,787 INFO  [org.hibernate.cfg.HbmBinder] Mapping class: us.mn.state.health.lims.sampleqaevent.valueholder.SampleQaEvent -> SAMPLE_QAEVENT
2013-07-09 15:40:06,787 INFO  [org.hibernate.cfg.Configuration] Reading mappings from resource: us/mn/state/health/lims/sampleqaeventaction/valueholder/SampleQaEventAction.hbm.xml
2013-07-09 15:40:06,798 INFO  [org.hibernate.cfg.HbmBinder] Mapping class: us.mn.state.health.lims.sampleqaeventaction.valueholder.SampleQaEventAction -> SAMPLE_QAEVENT_ACTION
2013-07-09 15:40:06,798 INFO  [org.hibernate.cfg.Configuration] Reading mappings from resource: us/mn/state/health/lims/sampletracking/valueholder/SampleTracking.hbm.xml
2013-07-09 15:40:06,809 INFO  [org.hibernate.cfg.HbmBinder] Mapping class: us.mn.state.health.lims.sampletracking.valueholder.SampleTracking -> SAMPLETRACKING
2013-07-09 15:40:06,809 INFO  [org.hibernate.cfg.Configuration] Reading mappings from resource: us/mn/state/health/lims/scriptlet/valueholder/Scriptlet.hbm.xml
2013-07-09 15:40:06,818 INFO  [org.hibernate.cfg.HbmBinder] Mapping class: us.mn.state.health.lims.scriptlet.valueholder.Scriptlet -> SCRIPTLET
2013-07-09 15:40:06,818 INFO  [org.hibernate.cfg.Configuration] Reading mappings from resource: us/mn/state/health/lims/sourceofsample/valueholder/SourceOfSample.hbm.xml
2013-07-09 15:40:06,830 INFO  [org.hibernate.cfg.HbmBinder] Mapping class: us.mn.state.health.lims.sourceofsample.valueholder.SourceOfSample -> SOURCE_OF_SAMPLE
2013-07-09 15:40:06,830 INFO  [org.hibernate.cfg.Configuration] Reading mappings from resource: us/mn/state/health/lims/statusofsample/valueholder/StatusOfSample.hbm.xml
2013-07-09 15:40:06,841 INFO  [org.hibernate.cfg.HbmBinder] Mapping class: us.mn.state.health.lims.statusofsample.valueholder.StatusOfSample -> STATUS_OF_SAMPLE
2013-07-09 15:40:06,841 INFO  [org.hibernate.cfg.Configuration] Reading mappings from resource: us/mn/state/health/lims/systemuser/valueholder/SystemUser.hbm.xml
2013-07-09 15:40:06,850 INFO  [org.hibernate.cfg.HbmBinder] Mapping class: us.mn.state.health.lims.systemuser.valueholder.SystemUser -> SYSTEM_USER
2013-07-09 15:40:06,850 INFO  [org.hibernate.cfg.Configuration] Reading mappings from resource: us/mn/state/health/lims/test/valueholder/Test.hbm.xml
2013-07-09 15:40:06,862 INFO  [org.hibernate.cfg.HbmBinder] Mapping class: us.mn.state.health.lims.test.valueholder.Test -> TEST
2013-07-09 15:40:06,863 INFO  [org.hibernate.cfg.Configuration] Reading mappings from resource: us/mn/state/health/lims/test/valueholder/TestSection.hbm.xml
2013-07-09 15:40:06,871 INFO  [org.hibernate.cfg.HbmBinder] Mapping class: us.mn.state.health.lims.test.valueholder.TestSection -> TEST_SECTION
2013-07-09 15:40:06,872 INFO  [org.hibernate.cfg.Configuration] Reading mappings from resource: us/mn/state/health/lims/testanalyte/valueholder/TestAnalyte.hbm.xml
2013-07-09 15:40:06,879 INFO  [org.hibernate.cfg.HbmBinder] Mapping class: us.mn.state.health.lims.testanalyte.valueholder.TestAnalyte -> TEST_ANALYTE
2013-07-09 15:40:06,879 INFO  [org.hibernate.cfg.Configuration] Reading mappings from resource: us/mn/state/health/lims/testanalyte/valueholder/TestAnalyteTestResult.hbm.xml
2013-07-09 15:40:06,887 INFO  [org.hibernate.cfg.HbmBinder] Mapping class: us.mn.state.health.lims.testanalyte.valueholder.TestAnalyteTestResult -> TEST_ANALYTE_TEST_RESULT
2013-07-09 15:40:06,888 INFO  [org.hibernate.cfg.Configuration] Reading mappings from resource: us/mn/state/health/lims/testreflex/valueholder/TestReflex.hbm.xml
2013-07-09 15:40:06,897 INFO  [org.hibernate.cfg.HbmBinder] Mapping class: us.mn.state.health.lims.testreflex.valueholder.TestReflex -> TEST_REFLEX
2013-07-09 15:40:06,898 INFO  [org.hibernate.cfg.Configuration] Reading mappings from resource: us/mn/state/health/lims/testresult/valueholder/TestResult.hbm.xml
2013-07-09 15:40:06,909 INFO  [org.hibernate.cfg.HbmBinder] Mapping class: us.mn.state.health.lims.testresult.valueholder.TestResult -> TEST_RESULT
2013-07-09 15:40:06,910 INFO  [org.hibernate.cfg.Configuration] Reading mappings from resource: us/mn/state/health/lims/testtrailer/valueholder/TestTrailer.hbm.xml
2013-07-09 15:40:06,925 INFO  [org.hibernate.cfg.HbmBinder] Mapping class: us.mn.state.health.lims.testtrailer.valueholder.TestTrailer -> TEST_TRAILER
2013-07-09 15:40:06,925 INFO  [org.hibernate.cfg.Configuration] Reading mappings from resource: us/mn/state/health/lims/typeofsample/valueholder/TypeOfSample.hbm.xml
2013-07-09 15:40:06,932 INFO  [org.hibernate.cfg.HbmBinder] Mapping class: us.mn.state.health.lims.typeofsample.valueholder.TypeOfSample -> TYPE_OF_SAMPLE
2013-07-09 15:40:06,933 INFO  [org.hibernate.cfg.Configuration] Reading mappings from resource: us/mn/state/health/lims/typeoftestresult/valueholder/TypeOfTestResult.hbm.xml
2013-07-09 15:40:06,941 INFO  [org.hibernate.cfg.HbmBinder] Mapping class: us.mn.state.health.lims.typeoftestresult.valueholder.TypeOfTestResult -> TYPE_OF_TEST_RESULT
2013-07-09 15:40:06,942 INFO  [org.hibernate.cfg.Configuration] Reading mappings from resource: us/mn/state/health/lims/unitofmeasure/valueholder/UnitOfMeasure.hbm.xml
2013-07-09 15:40:06,954 INFO  [org.hibernate.cfg.HbmBinder] Mapping class: us.mn.state.health.lims.unitofmeasure.valueholder.UnitOfMeasure -> UNIT_OF_MEASURE
2013-07-09 15:40:06,954 INFO  [org.hibernate.cfg.Configuration] Reading mappings from resource: us/mn/state/health/lims/systemmodule/valueholder/SystemModule.hbm.xml
2013-07-09 15:40:06,964 INFO  [org.hibernate.cfg.HbmBinder] Mapping class: us.mn.state.health.lims.systemmodule.valueholder.SystemModule -> SYSTEM_MODULE
2013-07-09 15:40:06,965 INFO  [org.hibernate.cfg.Configuration] Reading mappings from resource: us/mn/state/health/lims/systemusermodule/valueholder/SystemUserModule.hbm.xml
2013-07-09 15:40:06,974 INFO  [org.hibernate.cfg.HbmBinder] Mapping class: us.mn.state.health.lims.systemusermodule.valueholder.SystemUserModule -> SYSTEM_USER_MODULE
2013-07-09 15:40:06,974 INFO  [org.hibernate.cfg.Configuration] Reading mappings from resource: us/mn/state/health/lims/systemusersection/valueholder/SystemUserSection.hbm.xml
2013-07-09 15:40:06,985 INFO  [org.hibernate.cfg.HbmBinder] Mapping class: us.mn.state.health.lims.systemusersection.valueholder.SystemUserSection -> SYSTEM_USER_SECTION
2013-07-09 15:40:06,986 INFO  [org.hibernate.cfg.Configuration] Reading mappings from resource: us/mn/state/health/lims/login/valueholder/Login.hbm.xml
2013-07-09 15:40:06,996 INFO  [org.hibernate.cfg.HbmBinder] Mapping class: us.mn.state.health.lims.login.valueholder.Login -> LOGIN_USER
2013-07-09 15:40:06,996 INFO  [org.hibernate.cfg.Configuration] Reading mappings from resource: us/mn/state/health/lims/samplepdf/valueholder/SamplePdf.hbm.xml
2013-07-09 15:40:07,005 INFO  [org.hibernate.cfg.HbmBinder] Mapping class: us.mn.state.health.lims.samplepdf.valueholder.SamplePdf -> SAMPLE_PDF
2013-07-09 15:40:07,005 INFO  [org.hibernate.cfg.Configuration] Reading mappings from resource: us/mn/state/health/lims/samplenewborn/valueholder/SampleNewborn.hbm.xml
2013-07-09 15:40:07,019 INFO  [org.hibernate.cfg.HbmBinder] Mapping class: us.mn.state.health.lims.samplenewborn.valueholder.SampleNewborn -> SAMPLE_NEWBORN
2013-07-09 15:40:07,019 INFO  [org.hibernate.cfg.Configuration] Reading mappings from resource: us/mn/state/health/lims/patientrelation/valueholder/PatientRelation.hbm.xml
2013-07-09 15:40:07,026 INFO  [org.hibernate.cfg.HbmBinder] Mapping class: us.mn.state.health.lims.patientrelation.valueholder.PatientRelation -> PATIENT_RELATIONS
2013-07-09 15:40:07,026 INFO  [org.hibernate.cfg.Configuration] Reading mappings from resource: us/mn/state/health/lims/patientidentity/valueholder/PatientIdentity.hbm.xml
2013-07-09 15:40:07,032 INFO  [org.hibernate.cfg.HbmBinder] Mapping class: us.mn.state.health.lims.patientidentity.valueholder.PatientIdentity -> PATIENT_IDENTITY
2013-07-09 15:40:07,033 INFO  [org.hibernate.cfg.Configuration] Reading mappings from resource: us/mn/state/health/lims/patientidentitytype/valueholder/PatientIdentityType.hbm.xml
2013-07-09 15:40:07,041 INFO  [org.hibernate.cfg.HbmBinder] Mapping class: us.mn.state.health.lims.patientidentitytype.valueholder.PatientIdentityType -> PATIENT_IDENTITY_TYPE
2013-07-09 15:40:07,041 INFO  [org.hibernate.cfg.Configuration] Reading mappings from resource: us/mn/state/health/lims/patienttype/valueholder/PatientPatientType.hbm.xml
2013-07-09 15:40:07,049 INFO  [org.hibernate.cfg.HbmBinder] Mapping class: us.mn.state.health.lims.patienttype.valueholder.PatientPatientType -> PATIENT_PATIENT_TYPE
2013-07-09 15:40:07,050 INFO  [org.hibernate.cfg.Configuration] Reading mappings from resource: us/mn/state/health/lims/typeofsample/valueholder/TypeOfSamplePanel.hbm.xml
2013-07-09 15:40:07,058 INFO  [org.hibernate.cfg.HbmBinder] Mapping class: us.mn.state.health.lims.typeofsample.valueholder.TypeOfSamplePanel -> SAMPLETYPE_PANEL
2013-07-09 15:40:07,058 INFO  [org.hibernate.cfg.Configuration] Reading mappings from resource: us/mn/state/health/lims/typeofsample/valueholder/TypeOfSampleTest.hbm.xml
2013-07-09 15:40:07,064 INFO  [org.hibernate.cfg.HbmBinder] Mapping class: us.mn.state.health.lims.typeofsample.valueholder.TypeOfSampleTest -> SAMPLETYPE_TEST
2013-07-09 15:40:07,065 INFO  [org.hibernate.cfg.Configuration] Reading mappings from resource: us/mn/state/health/lims/inventory/valueholder/InventoryItem.hbm.xml
2013-07-09 15:40:07,073 INFO  [org.hibernate.cfg.HbmBinder] Mapping class: us.mn.state.health.lims.inventory.valueholder.InventoryItem -> inventory_item
2013-07-09 15:40:07,074 INFO  [org.hibernate.cfg.Configuration] Reading mappings from resource: us/mn/state/health/lims/inventory/valueholder/InventoryLocation.hbm.xml
2013-07-09 15:40:07,082 INFO  [org.hibernate.cfg.HbmBinder] Mapping class: us.mn.state.health.lims.inventory.valueholder.InventoryLocation -> inventory_location
2013-07-09 15:40:07,083 INFO  [org.hibernate.cfg.Configuration] Reading mappings from resource: us/mn/state/health/lims/inventory/valueholder/InventoryReceipt.hbm.xml
2013-07-09 15:40:07,092 INFO  [org.hibernate.cfg.HbmBinder] Mapping class: us.mn.state.health.lims.inventory.valueholder.InventoryReceipt -> inventory_receipt
2013-07-09 15:40:07,092 INFO  [org.hibernate.cfg.Configuration] Reading mappings from resource: us/mn/state/health/lims/role/valueholder/Role.hbm.xml
2013-07-09 15:40:07,100 INFO  [org.hibernate.cfg.HbmBinder] Mapping class: us.mn.state.health.lims.role.valueholder.Role -> system_role
2013-07-09 15:40:07,101 INFO  [org.hibernate.cfg.Configuration] Reading mappings from resource: us/mn/state/health/lims/userrole/valueholder/UserRole.hbm.xml
2013-07-09 15:40:07,108 INFO  [org.hibernate.cfg.HbmBinder] Mapping class: us.mn.state.health.lims.userrole.valueholder.UserRole -> system_user_role
2013-07-09 15:40:07,109 INFO  [org.hibernate.cfg.Configuration] Reading mappings from resource: us/mn/state/health/lims/systemusermodule/valueholder/SystemRoleModule.hbm.xml
2013-07-09 15:40:07,116 INFO  [org.hibernate.cfg.HbmBinder] Mapping class: us.mn.state.health.lims.systemusermodule.valueholder.RoleModule -> SYSTEM_ROLE_MODULE
2013-07-09 15:40:07,116 INFO  [org.hibernate.cfg.Configuration] Reading mappings from resource: us/mn/state/health/lims/analyzer/valueholder/Analyzer.hbm.xml
2013-07-09 15:40:07,122 INFO  [org.hibernate.cfg.HbmBinder] Mapping class: us.mn.state.health.lims.analyzer.valueholder.Analyzer -> analyzer
2013-07-09 15:40:07,122 INFO  [org.hibernate.cfg.Configuration] Reading mappings from resource: us/mn/state/health/lims/analyzerresults/valueholder/AnalyzerResults.hbm.xml
2013-07-09 15:40:07,129 INFO  [org.hibernate.cfg.HbmBinder] Mapping class: us.mn.state.health.lims.analyzerresults.valueholder.AnalyzerResults -> ANALYZER_RESULTS
2013-07-09 15:40:07,129 INFO  [org.hibernate.cfg.Configuration] Reading mappings from resource: us/mn/state/health/lims/organization/valueholder/OrganizationType.hbm.xml
2013-07-09 15:40:07,138 INFO  [org.hibernate.cfg.HbmBinder] Mapping class: us.mn.state.health.lims.organization.valueholder.OrganizationType -> ORGANIZATION_TYPE
2013-07-09 15:40:07,138 INFO  [org.hibernate.cfg.HbmBinder] Mapping collection: us.mn.state.health.lims.organization.valueholder.OrganizationType.organizations -> organization_organization_type
2013-07-09 15:40:07,138 INFO  [org.hibernate.cfg.Configuration] Reading mappings from resource: us/mn/state/health/lims/requester/valueholder/SampleRequester.hbm.xml
2013-07-09 15:40:07,146 INFO  [org.hibernate.cfg.HbmBinder] Mapping class: us.mn.state.health.lims.requester.valueholder.SampleRequester -> sample_requester
2013-07-09 15:40:07,154 INFO  [org.hibernate.cfg.Configuration] Reading mappings from resource: us/mn/state/health/lims/common/valueholder/DatabaseChangeLog.hbm.xml
2013-07-09 15:40:07,171 INFO  [org.hibernate.cfg.HbmBinder] Mapping class: us.mn.state.health.lims.common.valueholder.DatabaseChangeLog -> databasechangelog
2013-07-09 15:40:07,171 INFO  [org.hibernate.cfg.Configuration] Reading mappings from resource: us/mn/state/health/lims/siteinformation/valueholder/SiteInformation.hbm.xml
2013-07-09 15:40:07,178 INFO  [org.hibernate.cfg.HbmBinder] Mapping class: us.mn.state.health.lims.siteinformation.valueholder.SiteInformation -> site_information
2013-07-09 15:40:07,179 INFO  [org.hibernate.cfg.Configuration] Reading mappings from resource: us/mn/state/health/lims/siteinformation/valueholder/SiteInformationDomain.hbm.xml
2013-07-09 15:40:07,184 INFO  [org.hibernate.cfg.HbmBinder] Mapping class: us.mn.state.health.lims.siteinformation.valueholder.SiteInformationDomain -> site_information_domain
2013-07-09 15:40:07,184 INFO  [org.hibernate.cfg.Configuration] Reading mappings from resource: us/mn/state/health/lims/observationhistory/valueholder/ObservationHistory.hbm.xml
2013-07-09 15:40:07,190 INFO  [org.hibernate.cfg.HbmBinder] Mapping class: us.mn.state.health.lims.observationhistory.valueholder.ObservationHistory -> observation_history
2013-07-09 15:40:07,191 INFO  [org.hibernate.cfg.Configuration] Reading mappings from resource: us/mn/state/health/lims/observationhistorytype/valueholder/ObservationHistoryType.hbm.xml
2013-07-09 15:40:07,199 INFO  [org.hibernate.cfg.HbmBinder] Mapping class: us.mn.state.health.lims.observationhistorytype.valueholder.ObservationHistoryType -> observation_history_type
2013-07-09 15:40:07,199 INFO  [org.hibernate.cfg.Configuration] Reading mappings from resource: us/mn/state/health/lims/analyzerimport/valueholder/AnalyzerTestMapping.hbm.xml
2013-07-09 15:40:07,207 INFO  [org.hibernate.cfg.HbmBinder] Mapping class: us.mn.state.health.lims.analyzerimport.valueholder.AnalyzerTestMapping -> analyzer_test_map
2013-07-09 15:40:07,208 INFO  [org.hibernate.cfg.Configuration] Reading mappings from resource: us/mn/state/health/lims/referral/valueholder/ReferralReason.hbm.xml
2013-07-09 15:40:07,215 INFO  [org.hibernate.cfg.HbmBinder] Mapping class: us.mn.state.health.lims.referral.valueholder.ReferralReason -> referral_reason
2013-07-09 15:40:07,216 INFO  [org.hibernate.cfg.Configuration] Reading mappings from resource: us/mn/state/health/lims/referral/valueholder/ReferralType.hbm.xml
2013-07-09 15:40:07,221 INFO  [org.hibernate.cfg.HbmBinder] Mapping class: us.mn.state.health.lims.referral.valueholder.ReferralType -> referral_type
2013-07-09 15:40:07,222 INFO  [org.hibernate.cfg.Configuration] Reading mappings from resource: us/mn/state/health/lims/referral/valueholder/Referral.hbm.xml
2013-07-09 15:40:07,230 INFO  [org.hibernate.cfg.HbmBinder] Mapping class: us.mn.state.health.lims.referral.valueholder.Referral -> referral
2013-07-09 15:40:07,236 INFO  [org.hibernate.cfg.Configuration] Reading mappings from resource: us/mn/state/health/lims/referral/valueholder/ReferralResult.hbm.xml
2013-07-09 15:40:07,242 INFO  [org.hibernate.cfg.HbmBinder] Mapping class: us.mn.state.health.lims.referral.valueholder.ReferralResult -> referral_result
2013-07-09 15:40:07,242 INFO  [org.hibernate.cfg.Configuration] Reading mappings from resource: us/mn/state/health/lims/testcodes/valueholder/TestCodeType.hbm.xml
2013-07-09 15:40:07,247 INFO  [org.hibernate.cfg.HbmBinder] Mapping class: us.mn.state.health.lims.testcodes.valueholder.TestCodeType -> test_code_type
2013-07-09 15:40:07,248 INFO  [org.hibernate.cfg.Configuration] Reading mappings from resource: us/mn/state/health/lims/testcodes/valueholder/OrganizationHL7Schema.hbm.xml
2013-07-09 15:40:07,252 INFO  [org.hibernate.cfg.HbmBinder] Mapping class: us.mn.state.health.lims.testcodes.valueholder.OrganizationHL7Schema -> org_hl7_encoding_type
2013-07-09 15:40:07,252 INFO  [org.hibernate.cfg.Configuration] Reading mappings from resource: us/mn/state/health/lims/testcodes/valueholder/TestCode.hbm.xml
2013-07-09 15:40:07,257 INFO  [org.hibernate.cfg.HbmBinder] Mapping class: us.mn.state.health.lims.testcodes.valueholder.TestCode -> test_code
2013-07-09 15:40:07,257 INFO  [org.hibernate.cfg.Configuration] Reading mappings from resource: us/mn/state/health/lims/requester/valueholder/RequesterType.hbm.xml
2013-07-09 15:40:07,261 INFO  [org.hibernate.cfg.HbmBinder] Mapping class: us.mn.state.health.lims.requester.valueholder.RequesterType -> requester_type
2013-07-09 15:40:07,262 INFO  [org.hibernate.cfg.Configuration] Reading mappings from resource: us/mn/state/health/lims/address/valueholder/AddressPart.hbm.xml
2013-07-09 15:40:07,267 INFO  [org.hibernate.cfg.HbmBinder] Mapping class: us.mn.state.health.lims.address.valueholder.AddressPart -> address_part
2013-07-09 15:40:07,267 INFO  [org.hibernate.cfg.Configuration] Reading mappings from resource: us/mn/state/health/lims/address/valueholder/OrganizationAddress.hbm.xml
2013-07-09 15:40:07,272 INFO  [org.hibernate.cfg.HbmBinder] Mapping class: us.mn.state.health.lims.address.valueholder.OrganizationAddress -> organization_address
2013-07-09 15:40:07,272 INFO  [org.hibernate.cfg.Configuration] Reading mappings from resource: us/mn/state/health/lims/address/valueholder/PersonAddress.hbm.xml
2013-07-09 15:40:07,276 INFO  [org.hibernate.cfg.HbmBinder] Mapping class: us.mn.state.health.lims.address.valueholder.PersonAddress -> person_address
2013-07-09 15:40:07,277 INFO  [org.hibernate.cfg.Configuration] Reading mappings from resource: us/mn/state/health/lims/organization/valueholder/OrganizationContact.hbm.xml
2013-07-09 15:40:07,281 INFO  [org.hibernate.cfg.HbmBinder] Mapping class: us.mn.state.health.lims.organization.valueholder.OrganizationContact -> organization_contact
2013-07-09 15:40:07,282 INFO  [org.hibernate.cfg.Configuration] Reading mappings from resource: us/mn/state/health/lims/menu/valueholder/Menu.hbm.xml
2013-07-09 15:40:07,286 INFO  [org.hibernate.cfg.HbmBinder] Mapping class: us.mn.state.health.lims.menu.valueholder.Menu -> MENU
2013-07-09 15:40:07,287 INFO  [org.hibernate.cfg.Configuration] Reading mappings from resource: us/mn/state/health/lims/scheduler/valueholder/CronScheduler.hbm.xml
2013-07-09 15:40:07,292 INFO  [org.hibernate.cfg.HbmBinder] Mapping class: us.mn.state.health.lims.scheduler.valueholder.CronScheduler -> quartz_cron_scheduler
2013-07-09 15:40:07,292 INFO  [org.hibernate.cfg.Configuration] Reading mappings from resource: us/mn/state/health/lims/dataexchange/aggregatereporting/valueholder/ReportExternalExport.hbm.xml
2013-07-09 15:40:07,298 INFO  [org.hibernate.cfg.HbmBinder] Mapping class: us.mn.state.health.lims.dataexchange.aggregatereporting.valueholder.ReportExternalExport -> report_external_export
2013-07-09 15:40:07,298 INFO  [org.hibernate.cfg.Configuration] Reading mappings from resource: us/mn/state/health/lims/dataexchange/aggregatereporting/valueholder/ReportQueueType.hbm.xml
2013-07-09 15:40:07,302 INFO  [org.hibernate.cfg.HbmBinder] Mapping class: us.mn.state.health.lims.dataexchange.aggregatereporting.valueholder.ReportQueueType -> report_queue_type
2013-07-09 15:40:07,303 INFO  [org.hibernate.cfg.Configuration] Reading mappings from resource: us/mn/state/health/lims/dataexchange/aggregatereporting/valueholder/ReportExternalImport.hbm.xml
2013-07-09 15:40:07,307 INFO  [org.hibernate.cfg.HbmBinder] Mapping class: us.mn.state.health.lims.dataexchange.aggregatereporting.valueholder.ReportExternalImport -> report_external_import
2013-07-09 15:40:07,307 INFO  [org.hibernate.cfg.Configuration] Reading mappings from resource: us/mn/state/health/lims/reports/valueholder/DocumentTrack.hbm.xml
2013-07-09 15:40:07,312 INFO  [org.hibernate.cfg.HbmBinder] Mapping class: us.mn.state.health.lims.reports.valueholder.DocumentTrack -> document_track
2013-07-09 15:40:07,312 INFO  [org.hibernate.cfg.Configuration] Reading mappings from resource: us/mn/state/health/lims/reports/valueholder/DocumentType.hbm.xml
2013-07-09 15:40:07,317 INFO  [org.hibernate.cfg.HbmBinder] Mapping class: us.mn.state.health.lims.reports.valueholder.DocumentType -> document_type
2013-07-09 15:40:07,318 INFO  [org.hibernate.cfg.Configuration] Reading mappings from resource: us/mn/state/health/lims/laborder/valueholder/LabOrderItem.hbm.xml
2013-07-09 15:40:07,322 INFO  [org.hibernate.cfg.HbmBinder] Mapping class: us.mn.state.health.lims.laborder.valueholder.LabOrderItem -> lab_order_item
2013-07-09 15:40:07,323 INFO  [org.hibernate.cfg.Configuration] Reading mappings from resource: us/mn/state/health/lims/laborder/valueholder/LabOrderType.hbm.xml
2013-07-09 15:40:07,328 INFO  [org.hibernate.cfg.HbmBinder] Mapping class: us.mn.state.health.lims.laborder.valueholder.LabOrderType -> lab_order_type
2013-07-09 15:40:07,328 INFO  [org.hibernate.cfg.Configuration] Reading mappings from resource: us/mn/state/health/lims/qaevent/valueholder/QaObservationType.hbm.xml
2013-07-09 15:40:07,335 INFO  [org.hibernate.cfg.HbmBinder] Mapping class: us.mn.state.health.lims.qaevent.valueholder.QaObservationType -> QA_OBSERVATION_TYPE
2013-07-09 15:40:07,335 INFO  [org.hibernate.cfg.Configuration] Reading mappings from resource: us/mn/state/health/lims/qaevent/valueholder/QaObservation.hbm.xml
2013-07-09 15:40:07,348 INFO  [org.hibernate.cfg.HbmBinder] Mapping class: us.mn.state.health.lims.qaevent.valueholder.QaObservation -> QA_OBSERVATION
2013-07-09 15:40:07,348 INFO  [org.hibernate.cfg.Configuration] Configured SessionFactory: null
2013-07-09 15:40:07,349 INFO  [org.hibernate.cfg.HbmBinder] Mapping collection: us.mn.state.health.lims.region.valueholder.Region.counties -> COUNTY
2013-07-09 15:40:07,635 WARN  [org.hibernate.mapping.RootClass] composite-id class does not override equals(): us.mn.state.health.lims.testcodes.valueholder.TestSchemaPK
2013-07-09 15:40:07,635 WARN  [org.hibernate.mapping.RootClass] composite-id class does not override hashCode(): us.mn.state.health.lims.testcodes.valueholder.TestSchemaPK
2013-07-09 15:40:07,644 WARN  [org.hibernate.mapping.RootClass] composite-id class does not override hashCode(): us.mn.state.health.lims.requester.valueholder.SampleRequester
2013-07-09 15:40:07,649 WARN  [org.hibernate.mapping.RootClass] composite-id class does not override equals(): us.mn.state.health.lims.userrole.valueholder.UserRolePK
2013-07-09 15:40:07,649 WARN  [org.hibernate.mapping.RootClass] composite-id class does not override hashCode(): us.mn.state.health.lims.userrole.valueholder.UserRolePK
2013-07-09 15:40:07,654 WARN  [org.hibernate.mapping.RootClass] composite-id class does not override equals(): us.mn.state.health.lims.testcodes.valueholder.OrganizationSchemaPK
2013-07-09 15:40:07,654 WARN  [org.hibernate.mapping.RootClass] composite-id class does not override hashCode(): us.mn.state.health.lims.testcodes.valueholder.OrganizationSchemaPK
2013-07-09 15:40:07,659 WARN  [org.hibernate.mapping.RootClass] composite-id class does not override equals(): us.mn.state.health.lims.analyzerimport.valueholder.AnalyzerTestMappingPK
2013-07-09 15:40:07,659 WARN  [org.hibernate.mapping.RootClass] composite-id class does not override hashCode(): us.mn.state.health.lims.analyzerimport.valueholder.AnalyzerTestMappingPK
2013-07-09 15:40:07,664 WARN  [org.hibernate.mapping.RootClass] composite-id class does not override equals(): us.mn.state.health.lims.address.valueholder.AddressPK
2013-07-09 15:40:07,664 WARN  [org.hibernate.mapping.RootClass] composite-id class does not override hashCode(): us.mn.state.health.lims.address.valueholder.AddressPK
2013-07-09 15:40:07,667 WARN  [org.hibernate.mapping.RootClass] composite-id class does not override equals(): us.mn.state.health.lims.address.valueholder.AddressPK
2013-07-09 15:40:07,667 WARN  [org.hibernate.mapping.RootClass] composite-id class does not override hashCode(): us.mn.state.health.lims.address.valueholder.AddressPK
2013-07-09 15:40:07,671 INFO  [org.hibernate.connection.DriverManagerConnectionProvider] Using Hibernate built-in connection pool (not for production use!)
2013-07-09 15:40:07,671 INFO  [org.hibernate.connection.DriverManagerConnectionProvider] Hibernate connection pool size: 20
2013-07-09 15:40:07,671 INFO  [org.hibernate.connection.DriverManagerConnectionProvider] autocommit mode: false
2013-07-09 15:40:07,674 INFO  [org.hibernate.connection.DriverManagerConnectionProvider] using driver: org.postgresql.Driver at URL: dbc:postgresql://localhost:5432/clinlims
2013-07-09 15:40:07,674 INFO  [org.hibernate.connection.DriverManagerConnectionProvider] connection properties: {user=clinlims, password=****}
2013-07-09 15:40:07,715 INFO  [org.hibernate.cfg.SettingsFactory] RDBMS: PostgreSQL, version: 9.2.1
2013-07-09 15:40:07,715 INFO  [org.hibernate.cfg.SettingsFactory] JDBC driver: PostgreSQL Native Driver, version: PostgreSQL 9.0 JDBC4 (build 801)
2013-07-09 15:40:07,725 INFO  [org.hibernate.dialect.Dialect] Using dialect: org.hibernate.dialect.PostgreSQLDialect
2013-07-09 15:40:07,728 INFO  [org.hibernate.transaction.TransactionFactoryFactory] Using default transaction strategy (direct JDBC transactions)
2013-07-09 15:40:07,730 INFO  [org.hibernate.transaction.TransactionManagerLookupFactory] No TransactionManagerLookup configured (in JTA environment, use of read-write or transactional second-level cache is not recommended)
2013-07-09 15:40:07,730 INFO  [org.hibernate.cfg.SettingsFactory] Automatic flush during beforeCompletion(): disabled
2013-07-09 15:40:07,730 INFO  [org.hibernate.cfg.SettingsFactory] Automatic session close at end of transaction: disabled
2013-07-09 15:40:07,730 INFO  [org.hibernate.cfg.SettingsFactory] JDBC batch size: 50
2013-07-09 15:40:07,730 INFO  [org.hibernate.cfg.SettingsFactory] JDBC batch updates for versioned data: enabled
2013-07-09 15:40:07,730 INFO  [org.hibernate.cfg.SettingsFactory] Scrollable result sets: enabled
2013-07-09 15:40:07,730 INFO  [org.hibernate.cfg.SettingsFactory] JDBC3 getGeneratedKeys(): enabled
2013-07-09 15:40:07,730 INFO  [org.hibernate.cfg.SettingsFactory] Connection release mode: auto
2013-07-09 15:40:07,731 INFO  [org.hibernate.cfg.SettingsFactory] Default schema: clinlims
2013-07-09 15:40:07,731 INFO  [org.hibernate.cfg.SettingsFactory] Default batch fetch size: 1
2013-07-09 15:40:07,731 INFO  [org.hibernate.cfg.SettingsFactory] Generate SQL with comments: disabled
2013-07-09 15:40:07,731 INFO  [org.hibernate.cfg.SettingsFactory] Order SQL updates by primary key: disabled
2013-07-09 15:40:07,731 INFO  [org.hibernate.cfg.SettingsFactory] Query translator: org.hibernate.hql.classic.ClassicQueryTranslatorFactory
2013-07-09 15:40:07,732 INFO  [org.hibernate.cfg.SettingsFactory] Query language substitutions: {}
2013-07-09 15:40:07,732 INFO  [org.hibernate.cfg.SettingsFactory] Second-level cache: disabled
2013-07-09 15:40:07,732 INFO  [org.hibernate.cfg.SettingsFactory] Query cache: disabled
2013-07-09 15:40:07,733 INFO  [org.hibernate.cfg.SettingsFactory] Optimize cache for minimal puts: disabled
2013-07-09 15:40:07,733 INFO  [org.hibernate.cfg.SettingsFactory] Structured second-level cache entries: disabled
2013-07-09 15:40:07,736 INFO  [org.hibernate.cfg.SettingsFactory] Statistics: disabled
2013-07-09 15:40:07,736 INFO  [org.hibernate.cfg.SettingsFactory] Deleted entity synthetic identifier rollback: disabled
2013-07-09 15:40:07,736 INFO  [org.hibernate.cfg.SettingsFactory] Default entity-mode: pojo
2013-07-09 15:40:07,755 INFO  [org.hibernate.impl.SessionFactoryImpl] building session factory
2013-07-09 15:40:08,173 ERROR [us.mn.state.health.lims.common.log.LogEvent] Class: SiteInformationsDAOImpl, Method: getAllSiteInformation(), Error: java.lang.NullPointerException
2013-07-09 15:40:09,114 INFO  [org.hibernate.impl.SessionFactoryObjectFactory] Not binding factory to JNDI, no JNDI name configured
2013-07-09 15:40:09,423 INFO  [us.mn.state.health.lims.common.log.LogEvent] Class: TestUsagebacklog, Method: handleBacklog, Info: Gathering triggered: 09-07-2013 03:40
2013-07-09 15:40:10,295 INFO  [org.apache.struts.tiles.TilesPlugin] Tiles definition factory loaded for module ''.
2013-07-09 15:40:10,300 INFO  [org.apache.struts.validator.ValidatorPlugIn] Loading validation rules file from '/WEB-INF/validator-rules.xml'
2013-07-09 15:40:10,301 INFO  [org.apache.struts.validator.ValidatorPlugIn] Loading validation rules file from '/WEB-INF/validation-globalOpenELIS.xml'
2013-07-09 15:40:10,301 INFO  [org.apache.struts.validator.ValidatorPlugIn] Loading validation rules file from '/WEB-INF/validation.xml'
2013-07-09 15:40:10,457 ERROR [org.apache.commons.validator.FormSet] Form 'organizationForm' already exists in FormSet[default] - ignoring.
2013-07-09 15:40:21,775 INFO  [org.hibernate.cfg.Environment] Hibernate 3.1.3
2013-07-09 15:40:21,778 INFO  [org.hibernate.cfg.Environment] hibernate.properties not found
2013-07-09 15:40:21,780 INFO  [org.hibernate.cfg.Environment] using CGLIB reflection optimizer
2013-07-09 15:40:21,781 INFO  [org.hibernate.cfg.Environment] using JDK 1.4 java.sql.Timestamp handling
2013-07-09 15:40:21,834 INFO  [org.hibernate.cfg.Configuration] configuring from resource: /us/mn/state/health/lims/hibernate/hibernate.cfg.xml
2013-07-09 15:40:21,834 INFO  [org.hibernate.cfg.Configuration] Configuration resource: /us/mn/state/health/lims/hibernate/hibernate.cfg.xml
2013-07-09 15:40:21,908 INFO  [org.hibernate.cfg.Configuration] Reading mappings from resource: us/mn/state/health/lims/action/valueholder/Action.hbm.xml
2013-07-09 15:40:22,037 INFO  [org.hibernate.cfg.HbmBinder] Mapping class: us.mn.state.health.lims.action.valueholder.Action -> ACTION
2013-07-09 15:40:22,052 INFO  [org.hibernate.cfg.Configuration] Reading mappings from resource: us/mn/state/health/lims/analysis/valueholder/Analysis.hbm.xml
2013-07-09 15:40:22,118 INFO  [org.hibernate.cfg.HbmBinder] Mapping class: us.mn.state.health.lims.analysis.valueholder.Analysis -> ANALYSIS
2013-07-09 15:40:22,163 INFO  [org.hibernate.cfg.Configuration] Reading mappings from resource: us/mn/state/health/lims/analysisqaevent/valueholder/AnalysisQaEvent.hbm.xml
2013-07-09 15:40:22,204 INFO  [org.hibernate.cfg.HbmBinder] Mapping class: us.mn.state.health.lims.analysisqaevent.valueholder.AnalysisQaEvent -> ANALYSIS_QAEVENT
2013-07-09 15:40:22,205 INFO  [org.hibernate.cfg.Configuration] Reading mappings from resource: us/mn/state/health/lims/analysisqaeventaction/valueholder/AnalysisQaEventAction.hbm.xml
2013-07-09 15:40:22,242 INFO  [org.hibernate.cfg.HbmBinder] Mapping class: us.mn.state.health.lims.analysisqaeventaction.valueholder.AnalysisQaEventAction -> ANALYSIS_QAEVENT_ACTION
2013-07-09 15:40:22,243 INFO  [org.hibernate.cfg.Configuration] Reading mappings from resource: us/mn/state/health/lims/analyte/valueholder/Analyte.hbm.xml
2013-07-09 15:40:22,271 INFO  [org.hibernate.cfg.HbmBinder] Mapping class: us.mn.state.health.lims.analyte.valueholder.Analyte -> ANALYTE
2013-07-09 15:40:22,272 INFO  [org.hibernate.cfg.Configuration] Reading mappings from resource: us/mn/state/health/lims/audittrail/valueholder/History.hbm.xml
2013-07-09 15:40:22,295 INFO  [org.hibernate.cfg.HbmBinder] Mapping class: us.mn.state.health.lims.audittrail.valueholder.History -> HISTORY
2013-07-09 15:40:22,296 INFO  [org.hibernate.cfg.Configuration] Reading mappings from resource: us/mn/state/health/lims/citystatezip/valueholder/CityStateZip.hbm.xml
2013-07-09 15:40:22,317 INFO  [org.hibernate.cfg.HbmBinder] Mapping class: us.mn.state.health.lims.citystatezip.valueholder.CityStateZip -> CITY_STATE_ZIP
2013-07-09 15:40:22,318 INFO  [org.hibernate.cfg.Configuration] Reading mappings from resource: us/mn/state/health/lims/citystatezip/valueholder/CityView.hbm.xml
2013-07-09 15:40:22,339 INFO  [org.hibernate.cfg.HbmBinder] Mapping class: us.mn.state.health.lims.citystatezip.valueholder.CityView -> CITY_VIEW
2013-07-09 15:40:22,339 INFO  [org.hibernate.cfg.Configuration] Reading mappings from resource: us/mn/state/health/lims/citystatezip/valueholder/StateView.hbm.xml
2013-07-09 15:40:22,356 INFO  [org.hibernate.cfg.HbmBinder] Mapping class: us.mn.state.health.lims.citystatezip.valueholder.StateView -> STATE_VIEW
2013-07-09 15:40:22,356 INFO  [org.hibernate.cfg.Configuration] Reading mappings from resource: us/mn/state/health/lims/codeelementtype/valueholder/CodeElementType.hbm.xml
2013-07-09 15:40:22,372 INFO  [org.hibernate.cfg.HbmBinder] Mapping class: us.mn.state.health.lims.codeelementtype.valueholder.CodeElementType -> CODE_ELEMENT_TYPE
2013-07-09 15:40:22,373 INFO  [org.hibernate.cfg.Configuration] Reading mappings from resource: us/mn/state/health/lims/codeelementxref/valueholder/CodeElementXref.hbm.xml
2013-07-09 15:40:22,392 INFO  [org.hibernate.cfg.HbmBinder] Mapping class: us.mn.state.health.lims.codeelementxref.valueholder.CodeElementXref -> CODE_ELEMENT_XREF
2013-07-09 15:40:22,393 INFO  [org.hibernate.cfg.Configuration] Reading mappings from resource: us/mn/state/health/lims/county/valueholder/County.hbm.xml
2013-07-09 15:40:22,417 INFO  [org.hibernate.cfg.HbmBinder] Mapping class: us.mn.state.health.lims.county.valueholder.County -> COUNTY
2013-07-09 15:40:22,418 INFO  [org.hibernate.cfg.Configuration] Reading mappings from resource: us/mn/state/health/lims/dictionary/valueholder/Dictionary.hbm.xml
2013-07-09 15:40:22,436 INFO  [org.hibernate.cfg.HbmBinder] Mapping class: us.mn.state.health.lims.dictionary.valueholder.Dictionary -> DICTIONARY
2013-07-09 15:40:22,437 INFO  [org.hibernate.cfg.Configuration] Reading mappings from resource: us/mn/state/health/lims/dictionarycategory/valueholder/DictionaryCategory.hbm.xml
2013-07-09 15:40:22,453 INFO  [org.hibernate.cfg.HbmBinder] Mapping class: us.mn.state.health.lims.dictionarycategory.valueholder.DictionaryCategory -> DICTIONARY_CATEGORY
2013-07-09 15:40:22,453 INFO  [org.hibernate.cfg.Configuration] Reading mappings from resource: us/mn/state/health/lims/gender/valueholder/Gender.hbm.xml
2013-07-09 15:40:22,469 INFO  [org.hibernate.cfg.HbmBinder] Mapping class: us.mn.state.health.lims.gender.valueholder.Gender -> GENDER
2013-07-09 15:40:22,470 INFO  [org.hibernate.cfg.Configuration] Reading mappings from resource: us/mn/state/health/lims/label/valueholder/Label.hbm.xml
2013-07-09 15:40:22,487 INFO  [org.hibernate.cfg.HbmBinder] Mapping class: us.mn.state.health.lims.label.valueholder.Label -> LABEL
2013-07-09 15:40:22,487 INFO  [org.hibernate.cfg.Configuration] Reading mappings from resource: us/mn/state/health/lims/messageorganization/valueholder/MessageOrganization.hbm.xml
2013-07-09 15:40:22,506 INFO  [org.hibernate.cfg.HbmBinder] Mapping class: us.mn.state.health.lims.messageorganization.valueholder.MessageOrganization -> MESSAGE_ORG
2013-07-09 15:40:22,506 INFO  [org.hibernate.cfg.Configuration] Reading mappings from resource: us/mn/state/health/lims/method/valueholder/Method.hbm.xml
2013-07-09 15:40:22,525 INFO  [org.hibernate.cfg.HbmBinder] Mapping class: us.mn.state.health.lims.method.valueholder.Method -> METHOD
2013-07-09 15:40:22,525 INFO  [org.hibernate.cfg.Configuration] Reading mappings from resource: us/mn/state/health/lims/note/valueholder/Note.hbm.xml
2013-07-09 15:40:22,542 INFO  [org.hibernate.cfg.HbmBinder] Mapping class: us.mn.state.health.lims.note.valueholder.Note -> NOTE
2013-07-09 15:40:22,543 INFO  [org.hibernate.cfg.Configuration] Reading mappings from resource: us/mn/state/health/lims/organization/valueholder/Organization.hbm.xml
2013-07-09 15:40:22,560 INFO  [org.hibernate.cfg.HbmBinder] Mapping class: us.mn.state.health.lims.organization.valueholder.Organization -> ORGANIZATION
2013-07-09 15:40:22,563 INFO  [org.hibernate.cfg.HbmBinder] Mapping collection: us.mn.state.health.lims.organization.valueholder.Organization.organizationTypes -> organization_organization_type
2013-07-09 15:40:22,565 INFO  [org.hibernate.cfg.Configuration] Reading mappings from resource: us/mn/state/health/lims/panel/valueholder/Panel.hbm.xml
2013-07-09 15:40:22,581 INFO  [org.hibernate.cfg.HbmBinder] Mapping class: us.mn.state.health.lims.panel.valueholder.Panel -> PANEL
2013-07-09 15:40:22,581 INFO  [org.hibernate.cfg.Configuration] Reading mappings from resource: us/mn/state/health/lims/panelitem/valueholder/PanelItem.hbm.xml
2013-07-09 15:40:22,596 INFO  [org.hibernate.cfg.HbmBinder] Mapping class: us.mn.state.health.lims.panelitem.valueholder.PanelItem -> PANEL_ITEM
2013-07-09 15:40:22,597 INFO  [org.hibernate.cfg.Configuration] Reading mappings from resource: us/mn/state/health/lims/patient/valueholder/Patient.hbm.xml
2013-07-09 15:40:22,617 INFO  [org.hibernate.cfg.HbmBinder] Mapping class: us.mn.state.health.lims.patient.valueholder.Patient -> PATIENT
2013-07-09 15:40:22,619 INFO  [org.hibernate.cfg.Configuration] Reading mappings from resource: us/mn/state/health/lims/patienttype/valueholder/PatientType.hbm.xml
2013-07-09 15:40:22,635 INFO  [org.hibernate.cfg.HbmBinder] Mapping class: us.mn.state.health.lims.patienttype.valueholder.PatientType -> PATIENT_TYPE
2013-07-09 15:40:22,636 INFO  [org.hibernate.cfg.Configuration] Reading mappings from resource: us/mn/state/health/lims/person/valueholder/Person.hbm.xml
2013-07-09 15:40:22,650 INFO  [org.hibernate.cfg.HbmBinder] Mapping class: us.mn.state.health.lims.person.valueholder.Person -> PERSON
2013-07-09 15:40:22,652 INFO  [org.hibernate.cfg.Configuration] Reading mappings from resource: us/mn/state/health/lims/program/valueholder/Program.hbm.xml
2013-07-09 15:40:22,665 INFO  [org.hibernate.cfg.HbmBinder] Mapping class: us.mn.state.health.lims.program.valueholder.Program -> PROGRAM
2013-07-09 15:40:22,665 INFO  [org.hibernate.cfg.Configuration] Reading mappings from resource: us/mn/state/health/lims/project/valueholder/Project.hbm.xml
2013-07-09 15:40:22,681 INFO  [org.hibernate.cfg.HbmBinder] Mapping class: us.mn.state.health.lims.project.valueholder.Project -> PROJECT
2013-07-09 15:40:22,682 INFO  [org.hibernate.cfg.HbmBinder] Mapping collection: us.mn.state.health.lims.project.valueholder.Project.organizations -> project_organization
2013-07-09 15:40:22,682 INFO  [org.hibernate.cfg.Configuration] Reading mappings from resource: us/mn/state/health/lims/provider/valueholder/Provider.hbm.xml
2013-07-09 15:40:22,695 INFO  [org.hibernate.cfg.HbmBinder] Mapping class: us.mn.state.health.lims.provider.valueholder.Provider -> PROVIDER
2013-07-09 15:40:22,696 INFO  [org.hibernate.cfg.Configuration] Reading mappings from resource: us/mn/state/health/lims/qaevent/valueholder/QaEvent.hbm.xml
2013-07-09 15:40:22,709 INFO  [org.hibernate.cfg.HbmBinder] Mapping class: us.mn.state.health.lims.qaevent.valueholder.QaEvent -> QA_EVENT
2013-07-09 15:40:22,710 INFO  [org.hibernate.cfg.Configuration] Reading mappings from resource: us/mn/state/health/lims/receivercodeelement/valueholder/ReceiverCodeElement.hbm.xml
2013-07-09 15:40:22,722 INFO  [org.hibernate.cfg.HbmBinder] Mapping class: us.mn.state.health.lims.receivercodeelement.valueholder.ReceiverCodeElement -> RECEIVER_CODE_ELEMENT
2013-07-09 15:40:22,722 INFO  [org.hibernate.cfg.Configuration] Reading mappings from resource: us/mn/state/health/lims/referencetables/valueholder/ReferenceTables.hbm.xml
2013-07-09 15:40:22,736 INFO  [org.hibernate.cfg.HbmBinder] Mapping class: us.mn.state.health.lims.referencetables.valueholder.ReferenceTables -> REFERENCE_TABLES
2013-07-09 15:40:22,736 INFO  [org.hibernate.cfg.Configuration] Reading mappings from resource: us/mn/state/health/lims/region/valueholder/Region.hbm.xml
2013-07-09 15:40:22,750 INFO  [org.hibernate.cfg.HbmBinder] Mapping class: us.mn.state.health.lims.region.valueholder.Region -> REGION
2013-07-09 15:40:22,750 INFO  [org.hibernate.cfg.Configuration] Reading mappings from resource: us/mn/state/health/lims/reports/send/sample/valueholder/SampleTransmissionSequence.hbm.xml
2013-07-09 15:40:22,762 INFO  [org.hibernate.cfg.HbmBinder] Mapping class: us.mn.state.health.lims.reports.send.sample.valueholder.SampleTransmissionSequence -> HL7_TRANSMISSION_SEQUENCE
2013-07-09 15:40:22,762 INFO  [org.hibernate.cfg.Configuration] Reading mappings from resource: us/mn/state/health/lims/result/valueholder/Result.hbm.xml
2013-07-09 15:40:22,781 INFO  [org.hibernate.cfg.HbmBinder] Mapping class: us.mn.state.health.lims.result.valueholder.Result -> RESULT
2013-07-09 15:40:22,782 INFO  [org.hibernate.cfg.Configuration] Reading mappings from resource: us/mn/state/health/lims/result/valueholder/ResultSignature.hbm.xml
2013-07-09 15:40:22,796 INFO  [org.hibernate.cfg.HbmBinder] Mapping class: us.mn.state.health.lims.result.valueholder.ResultSignature -> RESULT_SIGNATURE
2013-07-09 15:40:22,797 INFO  [org.hibernate.cfg.Configuration] Reading mappings from resource: us/mn/state/health/lims/result/valueholder/ResultInventory.hbm.xml
2013-07-09 15:40:22,810 INFO  [org.hibernate.cfg.HbmBinder] Mapping class: us.mn.state.health.lims.result.valueholder.ResultInventory -> RESULT_INVENTORY
2013-07-09 15:40:22,810 INFO  [org.hibernate.cfg.Configuration] Reading mappings from resource: us/mn/state/health/lims/resultlimits/valueholder/ResultLimit.hbm.xml
2013-07-09 15:40:22,821 INFO  [org.hibernate.cfg.HbmBinder] Mapping class: us.mn.state.health.lims.resultlimits.valueholder.ResultLimit -> RESULT_LIMITS
2013-07-09 15:40:22,822 INFO  [org.hibernate.cfg.Configuration] Reading mappings from resource: us/mn/state/health/lims/sample/valueholder/Sample.hbm.xml
2013-07-09 15:40:22,834 INFO  [org.hibernate.cfg.HbmBinder] Mapping class: us.mn.state.health.lims.sample.valueholder.Sample -> SAMPLE
2013-07-09 15:40:22,835 INFO  [org.hibernate.cfg.Configuration] Reading mappings from resource: us/mn/state/health/lims/sampledomain/valueholder/SampleDomain.hbm.xml
2013-07-09 15:40:22,844 INFO  [org.hibernate.cfg.HbmBinder] Mapping class: us.mn.state.health.lims.sampledomain.valueholder.SampleDomain -> SAMPLE_DOMAIN
2013-07-09 15:40:22,844 INFO  [org.hibernate.cfg.Configuration] Reading mappings from resource: us/mn/state/health/lims/samplehuman/valueholder/SampleHuman.hbm.xml
2013-07-09 15:40:22,853 INFO  [org.hibernate.cfg.HbmBinder] Mapping class: us.mn.state.health.lims.samplehuman.valueholder.SampleHuman -> SAMPLE_HUMAN
2013-07-09 15:40:22,853 INFO  [org.hibernate.cfg.Configuration] Reading mappings from resource: us/mn/state/health/lims/sampleitem/valueholder/SampleItem.hbm.xml
2013-07-09 15:40:22,863 INFO  [org.hibernate.cfg.HbmBinder] Mapping class: us.mn.state.health.lims.sampleitem.valueholder.SampleItem -> SAMPLE_ITEM
2013-07-09 15:40:22,864 INFO  [org.hibernate.cfg.Configuration] Reading mappings from resource: us/mn/state/health/lims/sampleorganization/valueholder/SampleOrganization.hbm.xml
2013-07-09 15:40:22,871 INFO  [org.hibernate.cfg.HbmBinder] Mapping class: us.mn.state.health.lims.sampleorganization.valueholder.SampleOrganization -> SAMPLE_ORGANIZATION
2013-07-09 15:40:22,872 INFO  [org.hibernate.cfg.Configuration] Reading mappings from resource: us/mn/state/health/lims/sampleproject/valueholder/SampleProject.hbm.xml
2013-07-09 15:40:22,880 INFO  [org.hibernate.cfg.HbmBinder] Mapping class: us.mn.state.health.lims.sampleproject.valueholder.SampleProject -> SAMPLE_PROJECTS
2013-07-09 15:40:22,880 INFO  [org.hibernate.cfg.Configuration] Reading mappings from resource: us/mn/state/health/lims/sampleqaevent/valueholder/SampleQaEvent.hbm.xml
2013-07-09 15:40:22,888 INFO  [org.hibernate.cfg.HbmBinder] Mapping class: us.mn.state.health.lims.sampleqaevent.valueholder.SampleQaEvent -> SAMPLE_QAEVENT
2013-07-09 15:40:22,889 INFO  [org.hibernate.cfg.Configuration] Reading mappings from resource: us/mn/state/health/lims/sampleqaeventaction/valueholder/SampleQaEventAction.hbm.xml
2013-07-09 15:40:22,897 INFO  [org.hibernate.cfg.HbmBinder] Mapping class: us.mn.state.health.lims.sampleqaeventaction.valueholder.SampleQaEventAction -> SAMPLE_QAEVENT_ACTION
2013-07-09 15:40:22,898 INFO  [org.hibernate.cfg.Configuration] Reading mappings from resource: us/mn/state/health/lims/sampletracking/valueholder/SampleTracking.hbm.xml
2013-07-09 15:40:22,911 INFO  [org.hibernate.cfg.HbmBinder] Mapping class: us.mn.state.health.lims.sampletracking.valueholder.SampleTracking -> SAMPLETRACKING
2013-07-09 15:40:22,912 INFO  [org.hibernate.cfg.Configuration] Reading mappings from resource: us/mn/state/health/lims/scriptlet/valueholder/Scriptlet.hbm.xml
2013-07-09 15:40:22,923 INFO  [org.hibernate.cfg.HbmBinder] Mapping class: us.mn.state.health.lims.scriptlet.valueholder.Scriptlet -> SCRIPTLET
2013-07-09 15:40:22,924 INFO  [org.hibernate.cfg.Configuration] Reading mappings from resource: us/mn/state/health/lims/sourceofsample/valueholder/SourceOfSample.hbm.xml
2013-07-09 15:40:22,935 INFO  [org.hibernate.cfg.HbmBinder] Mapping class: us.mn.state.health.lims.sourceofsample.valueholder.SourceOfSample -> SOURCE_OF_SAMPLE
2013-07-09 15:40:22,935 INFO  [org.hibernate.cfg.Configuration] Reading mappings from resource: us/mn/state/health/lims/statusofsample/valueholder/StatusOfSample.hbm.xml
2013-07-09 15:40:22,946 INFO  [org.hibernate.cfg.HbmBinder] Mapping class: us.mn.state.health.lims.statusofsample.valueholder.StatusOfSample -> STATUS_OF_SAMPLE
2013-07-09 15:40:22,947 INFO  [org.hibernate.cfg.Configuration] Reading mappings from resource: us/mn/state/health/lims/systemuser/valueholder/SystemUser.hbm.xml
2013-07-09 15:40:22,957 INFO  [org.hibernate.cfg.HbmBinder] Mapping class: us.mn.state.health.lims.systemuser.valueholder.SystemUser -> SYSTEM_USER
2013-07-09 15:40:22,957 INFO  [org.hibernate.cfg.Configuration] Reading mappings from resource: us/mn/state/health/lims/test/valueholder/Test.hbm.xml
2013-07-09 15:40:22,973 INFO  [org.hibernate.cfg.HbmBinder] Mapping class: us.mn.state.health.lims.test.valueholder.Test -> TEST
2013-07-09 15:40:22,974 INFO  [org.hibernate.cfg.Configuration] Reading mappings from resource: us/mn/state/health/lims/test/valueholder/TestSection.hbm.xml
2013-07-09 15:40:22,984 INFO  [org.hibernate.cfg.HbmBinder] Mapping class: us.mn.state.health.lims.test.valueholder.TestSection -> TEST_SECTION
2013-07-09 15:40:22,985 INFO  [org.hibernate.cfg.Configuration] Reading mappings from resource: us/mn/state/health/lims/testanalyte/valueholder/TestAnalyte.hbm.xml
2013-07-09 15:40:22,994 INFO  [org.hibernate.cfg.HbmBinder] Mapping class: us.mn.state.health.lims.testanalyte.valueholder.TestAnalyte -> TEST_ANALYTE
2013-07-09 15:40:22,995 INFO  [org.hibernate.cfg.Configuration] Reading mappings from resource: us/mn/state/health/lims/testanalyte/valueholder/TestAnalyteTestResult.hbm.xml
2013-07-09 15:40:23,007 INFO  [org.hibernate.cfg.HbmBinder] Mapping class: us.mn.state.health.lims.testanalyte.valueholder.TestAnalyteTestResult -> TEST_ANALYTE_TEST_RESULT
2013-07-09 15:40:23,008 INFO  [org.hibernate.cfg.Configuration] Reading mappings from resource: us/mn/state/health/lims/testreflex/valueholder/TestReflex.hbm.xml
2013-07-09 15:40:23,016 INFO  [org.hibernate.cfg.HbmBinder] Mapping class: us.mn.state.health.lims.testreflex.valueholder.TestReflex -> TEST_REFLEX
2013-07-09 15:40:23,017 INFO  [org.hibernate.cfg.Configuration] Reading mappings from resource: us/mn/state/health/lims/testresult/valueholder/TestResult.hbm.xml
2013-07-09 15:40:23,025 INFO  [org.hibernate.cfg.HbmBinder] Mapping class: us.mn.state.health.lims.testresult.valueholder.TestResult -> TEST_RESULT
2013-07-09 15:40:23,026 INFO  [org.hibernate.cfg.Configuration] Reading mappings from resource: us/mn/state/health/lims/testtrailer/valueholder/TestTrailer.hbm.xml
2013-07-09 15:40:23,033 INFO  [org.hibernate.cfg.HbmBinder] Mapping class: us.mn.state.health.lims.testtrailer.valueholder.TestTrailer -> TEST_TRAILER
2013-07-09 15:40:23,033 INFO  [org.hibernate.cfg.Configuration] Reading mappings from resource: us/mn/state/health/lims/typeofsample/valueholder/TypeOfSample.hbm.xml
2013-07-09 15:40:23,041 INFO  [org.hibernate.cfg.HbmBinder] Mapping class: us.mn.state.health.lims.typeofsample.valueholder.TypeOfSample -> TYPE_OF_SAMPLE
2013-07-09 15:40:23,041 INFO  [org.hibernate.cfg.Configuration] Reading mappings from resource: us/mn/state/health/lims/typeoftestresult/valueholder/TypeOfTestResult.hbm.xml
2013-07-09 15:40:23,048 INFO  [org.hibernate.cfg.HbmBinder] Mapping class: us.mn.state.health.lims.typeoftestresult.valueholder.TypeOfTestResult -> TYPE_OF_TEST_RESULT
2013-07-09 15:40:23,048 INFO  [org.hibernate.cfg.Configuration] Reading mappings from resource: us/mn/state/health/lims/unitofmeasure/valueholder/UnitOfMeasure.hbm.xml
2013-07-09 15:40:23,055 INFO  [org.hibernate.cfg.HbmBinder] Mapping class: us.mn.state.health.lims.unitofmeasure.valueholder.UnitOfMeasure -> UNIT_OF_MEASURE
2013-07-09 15:40:23,056 INFO  [org.hibernate.cfg.Configuration] Reading mappings from resource: us/mn/state/health/lims/systemmodule/valueholder/SystemModule.hbm.xml
2013-07-09 15:40:23,065 INFO  [org.hibernate.cfg.HbmBinder] Mapping class: us.mn.state.health.lims.systemmodule.valueholder.SystemModule -> SYSTEM_MODULE
2013-07-09 15:40:23,066 INFO  [org.hibernate.cfg.Configuration] Reading mappings from resource: us/mn/state/health/lims/systemusermodule/valueholder/SystemUserModule.hbm.xml
2013-07-09 15:40:23,075 INFO  [org.hibernate.cfg.HbmBinder] Mapping class: us.mn.state.health.lims.systemusermodule.valueholder.SystemUserModule -> SYSTEM_USER_MODULE
2013-07-09 15:40:23,076 INFO  [org.hibernate.cfg.Configuration] Reading mappings from resource: us/mn/state/health/lims/systemusersection/valueholder/SystemUserSection.hbm.xml
2013-07-09 15:40:23,087 INFO  [org.hibernate.cfg.HbmBinder] Mapping class: us.mn.state.health.lims.systemusersection.valueholder.SystemUserSection -> SYSTEM_USER_SECTION
2013-07-09 15:40:23,088 INFO  [org.hibernate.cfg.Configuration] Reading mappings from resource: us/mn/state/health/lims/login/valueholder/Login.hbm.xml
2013-07-09 15:40:23,097 INFO  [org.hibernate.cfg.HbmBinder] Mapping class: us.mn.state.health.lims.login.valueholder.Login -> LOGIN_USER
2013-07-09 15:40:23,098 INFO  [org.hibernate.cfg.Configuration] Reading mappings from resource: us/mn/state/health/lims/samplepdf/valueholder/SamplePdf.hbm.xml
2013-07-09 15:40:23,104 INFO  [org.hibernate.cfg.HbmBinder] Mapping class: us.mn.state.health.lims.samplepdf.valueholder.SamplePdf -> SAMPLE_PDF
2013-07-09 15:40:23,104 INFO  [org.hibernate.cfg.Configuration] Reading mappings from resource: us/mn/state/health/lims/samplenewborn/valueholder/SampleNewborn.hbm.xml
2013-07-09 15:40:23,135 INFO  [org.hibernate.cfg.HbmBinder] Mapping class: us.mn.state.health.lims.samplenewborn.valueholder.SampleNewborn -> SAMPLE_NEWBORN
2013-07-09 15:40:23,136 INFO  [org.hibernate.cfg.Configuration] Reading mappings from resource: us/mn/state/health/lims/patientrelation/valueholder/PatientRelation.hbm.xml
2013-07-09 15:40:23,146 INFO  [org.hibernate.cfg.HbmBinder] Mapping class: us.mn.state.health.lims.patientrelation.valueholder.PatientRelation -> PATIENT_RELATIONS
2013-07-09 15:40:23,146 INFO  [org.hibernate.cfg.Configuration] Reading mappings from resource: us/mn/state/health/lims/patientidentity/valueholder/PatientIdentity.hbm.xml
2013-07-09 15:40:23,155 INFO  [org.hibernate.cfg.HbmBinder] Mapping class: us.mn.state.health.lims.patientidentity.valueholder.PatientIdentity -> PATIENT_IDENTITY
2013-07-09 15:40:23,156 INFO  [org.hibernate.cfg.Configuration] Reading mappings from resource: us/mn/state/health/lims/patientidentitytype/valueholder/PatientIdentityType.hbm.xml
2013-07-09 15:40:23,165 INFO  [org.hibernate.cfg.HbmBinder] Mapping class: us.mn.state.health.lims.patientidentitytype.valueholder.PatientIdentityType -> PATIENT_IDENTITY_TYPE
2013-07-09 15:40:23,165 INFO  [org.hibernate.cfg.Configuration] Reading mappings from resource: us/mn/state/health/lims/patienttype/valueholder/PatientPatientType.hbm.xml
2013-07-09 15:40:23,171 INFO  [org.hibernate.cfg.HbmBinder] Mapping class: us.mn.state.health.lims.patienttype.valueholder.PatientPatientType -> PATIENT_PATIENT_TYPE
2013-07-09 15:40:23,171 INFO  [org.hibernate.cfg.Configuration] Reading mappings from resource: us/mn/state/health/lims/typeofsample/valueholder/TypeOfSamplePanel.hbm.xml
2013-07-09 15:40:23,177 INFO  [org.hibernate.cfg.HbmBinder] Mapping class: us.mn.state.health.lims.typeofsample.valueholder.TypeOfSamplePanel -> SAMPLETYPE_PANEL
2013-07-09 15:40:23,177 INFO  [org.hibernate.cfg.Configuration] Reading mappings from resource: us/mn/state/health/lims/typeofsample/valueholder/TypeOfSampleTest.hbm.xml
2013-07-09 15:40:23,183 INFO  [org.hibernate.cfg.HbmBinder] Mapping class: us.mn.state.health.lims.typeofsample.valueholder.TypeOfSampleTest -> SAMPLETYPE_TEST
2013-07-09 15:40:23,183 INFO  [org.hibernate.cfg.Configuration] Reading mappings from resource: us/mn/state/health/lims/inventory/valueholder/InventoryItem.hbm.xml
2013-07-09 15:40:23,190 INFO  [org.hibernate.cfg.HbmBinder] Mapping class: us.mn.state.health.lims.inventory.valueholder.InventoryItem -> inventory_item
2013-07-09 15:40:23,191 INFO  [org.hibernate.cfg.Configuration] Reading mappings from resource: us/mn/state/health/lims/inventory/valueholder/InventoryLocation.hbm.xml
2013-07-09 15:40:23,199 INFO  [org.hibernate.cfg.HbmBinder] Mapping class: us.mn.state.health.lims.inventory.valueholder.InventoryLocation -> inventory_location
2013-07-09 15:40:23,200 INFO  [org.hibernate.cfg.Configuration] Reading mappings from resource: us/mn/state/health/lims/inventory/valueholder/InventoryReceipt.hbm.xml
2013-07-09 15:40:23,209 INFO  [org.hibernate.cfg.HbmBinder] Mapping class: us.mn.state.health.lims.inventory.valueholder.InventoryReceipt -> inventory_receipt
2013-07-09 15:40:23,209 INFO  [org.hibernate.cfg.Configuration] Reading mappings from resource: us/mn/state/health/lims/role/valueholder/Role.hbm.xml
2013-07-09 15:40:23,219 INFO  [org.hibernate.cfg.HbmBinder] Mapping class: us.mn.state.health.lims.role.valueholder.Role -> system_role
2013-07-09 15:40:23,220 INFO  [org.hibernate.cfg.Configuration] Reading mappings from resource: us/mn/state/health/lims/userrole/valueholder/UserRole.hbm.xml
2013-07-09 15:40:23,228 INFO  [org.hibernate.cfg.HbmBinder] Mapping class: us.mn.state.health.lims.userrole.valueholder.UserRole -> system_user_role
2013-07-09 15:40:23,229 INFO  [org.hibernate.cfg.Configuration] Reading mappings from resource: us/mn/state/health/lims/systemusermodule/valueholder/SystemRoleModule.hbm.xml
2013-07-09 15:40:23,237 INFO  [org.hibernate.cfg.HbmBinder] Mapping class: us.mn.state.health.lims.systemusermodule.valueholder.RoleModule -> SYSTEM_ROLE_MODULE
2013-07-09 15:40:23,238 INFO  [org.hibernate.cfg.Configuration] Reading mappings from resource: us/mn/state/health/lims/analyzer/valueholder/Analyzer.hbm.xml
2013-07-09 15:40:23,244 INFO  [org.hibernate.cfg.HbmBinder] Mapping class: us.mn.state.health.lims.analyzer.valueholder.Analyzer -> analyzer
2013-07-09 15:40:23,245 INFO  [org.hibernate.cfg.Configuration] Reading mappings from resource: us/mn/state/health/lims/analyzerresults/valueholder/AnalyzerResults.hbm.xml
2013-07-09 15:40:23,251 INFO  [org.hibernate.cfg.HbmBinder] Mapping class: us.mn.state.health.lims.analyzerresults.valueholder.AnalyzerResults -> ANALYZER_RESULTS
2013-07-09 15:40:23,252 INFO  [org.hibernate.cfg.Configuration] Reading mappings from resource: us/mn/state/health/lims/organization/valueholder/OrganizationType.hbm.xml
2013-07-09 15:40:23,259 INFO  [org.hibernate.cfg.HbmBinder] Mapping class: us.mn.state.health.lims.organization.valueholder.OrganizationType -> ORGANIZATION_TYPE
2013-07-09 15:40:23,259 INFO  [org.hibernate.cfg.HbmBinder] Mapping collection: us.mn.state.health.lims.organization.valueholder.OrganizationType.organizations -> organization_organization_type
2013-07-09 15:40:23,259 INFO  [org.hibernate.cfg.Configuration] Reading mappings from resource: us/mn/state/health/lims/requester/valueholder/SampleRequester.hbm.xml
2013-07-09 15:40:23,264 INFO  [org.hibernate.cfg.HbmBinder] Mapping class: us.mn.state.health.lims.requester.valueholder.SampleRequester -> sample_requester
2013-07-09 15:40:23,271 INFO  [org.hibernate.cfg.Configuration] Reading mappings from resource: us/mn/state/health/lims/common/valueholder/DatabaseChangeLog.hbm.xml
2013-07-09 15:40:23,278 INFO  [org.hibernate.cfg.HbmBinder] Mapping class: us.mn.state.health.lims.common.valueholder.DatabaseChangeLog -> databasechangelog
2013-07-09 15:40:23,279 INFO  [org.hibernate.cfg.Configuration] Reading mappings from resource: us/mn/state/health/lims/siteinformation/valueholder/SiteInformation.hbm.xml
2013-07-09 15:40:23,286 INFO  [org.hibernate.cfg.HbmBinder] Mapping class: us.mn.state.health.lims.siteinformation.valueholder.SiteInformation -> site_information
2013-07-09 15:40:23,287 INFO  [org.hibernate.cfg.Configuration] Reading mappings from resource: us/mn/state/health/lims/siteinformation/valueholder/SiteInformationDomain.hbm.xml
2013-07-09 15:40:23,293 INFO  [org.hibernate.cfg.HbmBinder] Mapping class: us.mn.state.health.lims.siteinformation.valueholder.SiteInformationDomain -> site_information_domain
2013-07-09 15:40:23,293 INFO  [org.hibernate.cfg.Configuration] Reading mappings from resource: us/mn/state/health/lims/observationhistory/valueholder/ObservationHistory.hbm.xml
2013-07-09 15:40:23,301 INFO  [org.hibernate.cfg.HbmBinder] Mapping class: us.mn.state.health.lims.observationhistory.valueholder.ObservationHistory -> observation_history
2013-07-09 15:40:23,301 INFO  [org.hibernate.cfg.Configuration] Reading mappings from resource: us/mn/state/health/lims/observationhistorytype/valueholder/ObservationHistoryType.hbm.xml
2013-07-09 15:40:23,307 INFO  [org.hibernate.cfg.HbmBinder] Mapping class: us.mn.state.health.lims.observationhistorytype.valueholder.ObservationHistoryType -> observation_history_type
2013-07-09 15:40:23,308 INFO  [org.hibernate.cfg.Configuration] Reading mappings from resource: us/mn/state/health/lims/analyzerimport/valueholder/AnalyzerTestMapping.hbm.xml
2013-07-09 15:40:23,313 INFO  [org.hibernate.cfg.HbmBinder] Mapping class: us.mn.state.health.lims.analyzerimport.valueholder.AnalyzerTestMapping -> analyzer_test_map
2013-07-09 15:40:23,314 INFO  [org.hibernate.cfg.Configuration] Reading mappings from resource: us/mn/state/health/lims/referral/valueholder/ReferralReason.hbm.xml
2013-07-09 15:40:23,321 INFO  [org.hibernate.cfg.HbmBinder] Mapping class: us.mn.state.health.lims.referral.valueholder.ReferralReason -> referral_reason
2013-07-09 15:40:23,322 INFO  [org.hibernate.cfg.Configuration] Reading mappings from resource: us/mn/state/health/lims/referral/valueholder/ReferralType.hbm.xml
2013-07-09 15:40:23,327 INFO  [org.hibernate.cfg.HbmBinder] Mapping class: us.mn.state.health.lims.referral.valueholder.ReferralType -> referral_type
2013-07-09 15:40:23,328 INFO  [org.hibernate.cfg.Configuration] Reading mappings from resource: us/mn/state/health/lims/referral/valueholder/Referral.hbm.xml
2013-07-09 15:40:23,337 INFO  [org.hibernate.cfg.HbmBinder] Mapping class: us.mn.state.health.lims.referral.valueholder.Referral -> referral
2013-07-09 15:40:23,344 INFO  [org.hibernate.cfg.Configuration] Reading mappings from resource: us/mn/state/health/lims/referral/valueholder/ReferralResult.hbm.xml
2013-07-09 15:40:23,350 INFO  [org.hibernate.cfg.HbmBinder] Mapping class: us.mn.state.health.lims.referral.valueholder.ReferralResult -> referral_result
2013-07-09 15:40:23,351 INFO  [org.hibernate.cfg.Configuration] Reading mappings from resource: us/mn/state/health/lims/testcodes/valueholder/TestCodeType.hbm.xml
2013-07-09 15:40:23,356 INFO  [org.hibernate.cfg.HbmBinder] Mapping class: us.mn.state.health.lims.testcodes.valueholder.TestCodeType -> test_code_type
2013-07-09 15:40:23,357 INFO  [org.hibernate.cfg.Configuration] Reading mappings from resource: us/mn/state/health/lims/testcodes/valueholder/OrganizationHL7Schema.hbm.xml
2013-07-09 15:40:23,363 INFO  [org.hibernate.cfg.HbmBinder] Mapping class: us.mn.state.health.lims.testcodes.valueholder.OrganizationHL7Schema -> org_hl7_encoding_type
2013-07-09 15:40:23,364 INFO  [org.hibernate.cfg.Configuration] Reading mappings from resource: us/mn/state/health/lims/testcodes/valueholder/TestCode.hbm.xml
2013-07-09 15:40:23,369 INFO  [org.hibernate.cfg.HbmBinder] Mapping class: us.mn.state.health.lims.testcodes.valueholder.TestCode -> test_code
2013-07-09 15:40:23,369 INFO  [org.hibernate.cfg.Configuration] Reading mappings from resource: us/mn/state/health/lims/requester/valueholder/RequesterType.hbm.xml
2013-07-09 15:40:23,374 INFO  [org.hibernate.cfg.HbmBinder] Mapping class: us.mn.state.health.lims.requester.valueholder.RequesterType -> requester_type
2013-07-09 15:40:23,375 INFO  [org.hibernate.cfg.Configuration] Reading mappings from resource: us/mn/state/health/lims/address/valueholder/AddressPart.hbm.xml
2013-07-09 15:40:23,380 INFO  [org.hibernate.cfg.HbmBinder] Mapping class: us.mn.state.health.lims.address.valueholder.AddressPart -> address_part
2013-07-09 15:40:23,381 INFO  [org.hibernate.cfg.Configuration] Reading mappings from resource: us/mn/state/health/lims/address/valueholder/OrganizationAddress.hbm.xml
2013-07-09 15:40:23,386 INFO  [org.hibernate.cfg.HbmBinder] Mapping class: us.mn.state.health.lims.address.valueholder.OrganizationAddress -> organization_address
2013-07-09 15:40:23,387 INFO  [org.hibernate.cfg.Configuration] Reading mappings from resource: us/mn/state/health/lims/address/valueholder/PersonAddress.hbm.xml
2013-07-09 15:40:23,391 INFO  [org.hibernate.cfg.HbmBinder] Mapping class: us.mn.state.health.lims.address.valueholder.PersonAddress -> person_address
2013-07-09 15:40:23,392 INFO  [org.hibernate.cfg.Configuration] Reading mappings from resource: us/mn/state/health/lims/organization/valueholder/OrganizationContact.hbm.xml
2013-07-09 15:40:23,397 INFO  [org.hibernate.cfg.HbmBinder] Mapping class: us.mn.state.health.lims.organization.valueholder.OrganizationContact -> organization_contact
2013-07-09 15:40:23,397 INFO  [org.hibernate.cfg.Configuration] Reading mappings from resource: us/mn/state/health/lims/menu/valueholder/Menu.hbm.xml
2013-07-09 15:40:23,405 INFO  [org.hibernate.cfg.HbmBinder] Mapping class: us.mn.state.health.lims.menu.valueholder.Menu -> MENU
2013-07-09 15:40:23,405 INFO  [org.hibernate.cfg.Configuration] Reading mappings from resource: us/mn/state/health/lims/scheduler/valueholder/CronScheduler.hbm.xml
2013-07-09 15:40:23,413 INFO  [org.hibernate.cfg.HbmBinder] Mapping class: us.mn.state.health.lims.scheduler.valueholder.CronScheduler -> quartz_cron_scheduler
2013-07-09 15:40:23,413 INFO  [org.hibernate.cfg.Configuration] Reading mappings from resource: us/mn/state/health/lims/dataexchange/aggregatereporting/valueholder/ReportExternalExport.hbm.xml
2013-07-09 15:40:23,420 INFO  [org.hibernate.cfg.HbmBinder] Mapping class: us.mn.state.health.lims.dataexchange.aggregatereporting.valueholder.ReportExternalExport -> report_external_export
2013-07-09 15:40:23,420 INFO  [org.hibernate.cfg.Configuration] Reading mappings from resource: us/mn/state/health/lims/dataexchange/aggregatereporting/valueholder/ReportQueueType.hbm.xml
2013-07-09 15:40:23,425 INFO  [org.hibernate.cfg.HbmBinder] Mapping class: us.mn.state.health.lims.dataexchange.aggregatereporting.valueholder.ReportQueueType -> report_queue_type
2013-07-09 15:40:23,425 INFO  [org.hibernate.cfg.Configuration] Reading mappings from resource: us/mn/state/health/lims/dataexchange/aggregatereporting/valueholder/ReportExternalImport.hbm.xml
2013-07-09 15:40:23,431 INFO  [org.hibernate.cfg.HbmBinder] Mapping class: us.mn.state.health.lims.dataexchange.aggregatereporting.valueholder.ReportExternalImport -> report_external_import
2013-07-09 15:40:23,431 INFO  [org.hibernate.cfg.Configuration] Reading mappings from resource: us/mn/state/health/lims/reports/valueholder/DocumentTrack.hbm.xml
2013-07-09 15:40:23,439 INFO  [org.hibernate.cfg.HbmBinder] Mapping class: us.mn.state.health.lims.reports.valueholder.DocumentTrack -> document_track
2013-07-09 15:40:23,439 INFO  [org.hibernate.cfg.Configuration] Reading mappings from resource: us/mn/state/health/lims/reports/valueholder/DocumentType.hbm.xml
2013-07-09 15:40:23,446 INFO  [org.hibernate.cfg.HbmBinder] Mapping class: us.mn.state.health.lims.reports.valueholder.DocumentType -> document_type
2013-07-09 15:40:23,447 INFO  [org.hibernate.cfg.Configuration] Reading mappings from resource: us/mn/state/health/lims/laborder/valueholder/LabOrderItem.hbm.xml
2013-07-09 15:40:23,454 INFO  [org.hibernate.cfg.HbmBinder] Mapping class: us.mn.state.health.lims.laborder.valueholder.LabOrderItem -> lab_order_item
2013-07-09 15:40:23,455 INFO  [org.hibernate.cfg.Configuration] Reading mappings from resource: us/mn/state/health/lims/laborder/valueholder/LabOrderType.hbm.xml
2013-07-09 15:40:23,462 INFO  [org.hibernate.cfg.HbmBinder] Mapping class: us.mn.state.health.lims.laborder.valueholder.LabOrderType -> lab_order_type
2013-07-09 15:40:23,463 INFO  [org.hibernate.cfg.Configuration] Reading mappings from resource: us/mn/state/health/lims/qaevent/valueholder/QaObservationType.hbm.xml
2013-07-09 15:40:23,468 INFO  [org.hibernate.cfg.HbmBinder] Mapping class: us.mn.state.health.lims.qaevent.valueholder.QaObservationType -> QA_OBSERVATION_TYPE
2013-07-09 15:40:23,469 INFO  [org.hibernate.cfg.Configuration] Reading mappings from resource: us/mn/state/health/lims/qaevent/valueholder/QaObservation.hbm.xml
2013-07-09 15:40:23,477 INFO  [org.hibernate.cfg.HbmBinder] Mapping class: us.mn.state.health.lims.qaevent.valueholder.QaObservation -> QA_OBSERVATION
2013-07-09 15:40:23,477 INFO  [org.hibernate.cfg.Configuration] Configured SessionFactory: null
2013-07-09 15:40:23,478 INFO  [org.hibernate.cfg.HbmBinder] Mapping collection: us.mn.state.health.lims.region.valueholder.Region.counties -> COUNTY
2013-07-09 15:40:23,592 WARN  [org.hibernate.mapping.RootClass] composite-id class does not override equals(): us.mn.state.health.lims.testcodes.valueholder.TestSchemaPK
2013-07-09 15:40:23,592 WARN  [org.hibernate.mapping.RootClass] composite-id class does not override hashCode(): us.mn.state.health.lims.testcodes.valueholder.TestSchemaPK
2013-07-09 15:40:23,602 WARN  [org.hibernate.mapping.RootClass] composite-id class does not override hashCode(): us.mn.state.health.lims.requester.valueholder.SampleRequester
2013-07-09 15:40:23,608 WARN  [org.hibernate.mapping.RootClass] composite-id class does not override equals(): us.mn.state.health.lims.userrole.valueholder.UserRolePK
2013-07-09 15:40:23,608 WARN  [org.hibernate.mapping.RootClass] composite-id class does not override hashCode(): us.mn.state.health.lims.userrole.valueholder.UserRolePK
2013-07-09 15:40:23,613 WARN  [org.hibernate.mapping.RootClass] composite-id class does not override equals(): us.mn.state.health.lims.testcodes.valueholder.OrganizationSchemaPK
2013-07-09 15:40:23,613 WARN  [org.hibernate.mapping.RootClass] composite-id class does not override hashCode(): us.mn.state.health.lims.testcodes.valueholder.OrganizationSchemaPK
2013-07-09 15:40:23,621 WARN  [org.hibernate.mapping.RootClass] composite-id class does not override equals(): us.mn.state.health.lims.analyzerimport.valueholder.AnalyzerTestMappingPK
2013-07-09 15:40:23,621 WARN  [org.hibernate.mapping.RootClass] composite-id class does not override hashCode(): us.mn.state.health.lims.analyzerimport.valueholder.AnalyzerTestMappingPK
2013-07-09 15:40:23,628 WARN  [org.hibernate.mapping.RootClass] composite-id class does not override equals(): us.mn.state.health.lims.address.valueholder.AddressPK
2013-07-09 15:40:23,628 WARN  [org.hibernate.mapping.RootClass] composite-id class does not override hashCode(): us.mn.state.health.lims.address.valueholder.AddressPK
2013-07-09 15:40:23,632 WARN  [org.hibernate.mapping.RootClass] composite-id class does not override equals(): us.mn.state.health.lims.address.valueholder.AddressPK
2013-07-09 15:40:23,632 WARN  [org.hibernate.mapping.RootClass] composite-id class does not override hashCode(): us.mn.state.health.lims.address.valueholder.AddressPK
2013-07-09 15:40:23,638 INFO  [org.hibernate.connection.DriverManagerConnectionProvider] Using Hibernate built-in connection pool (not for production use!)
2013-07-09 15:40:23,638 INFO  [org.hibernate.connection.DriverManagerConnectionProvider] Hibernate connection pool size: 20
2013-07-09 15:40:23,638 INFO  [org.hibernate.connection.DriverManagerConnectionProvider] autocommit mode: false
2013-07-09 15:40:23,641 INFO  [org.hibernate.connection.DriverManagerConnectionProvider] using driver: org.postgresql.Driver at URL: dbc:postgresql://localhost:5432/clinlims
2013-07-09 15:40:23,641 INFO  [org.hibernate.connection.DriverManagerConnectionProvider] connection properties: {user=clinlims, password=****}
2013-07-09 15:40:23,687 INFO  [org.hibernate.cfg.SettingsFactory] RDBMS: PostgreSQL, version: 9.2.1
2013-07-09 15:40:23,687 INFO  [org.hibernate.cfg.SettingsFactory] JDBC driver: PostgreSQL Native Driver, version: PostgreSQL 9.0 JDBC4 (build 801)
2013-07-09 15:40:23,699 INFO  [org.hibernate.dialect.Dialect] Using dialect: org.hibernate.dialect.PostgreSQLDialect
2013-07-09 15:40:23,703 INFO  [org.hibernate.transaction.TransactionFactoryFactory] Using default transaction strategy (direct JDBC transactions)
2013-07-09 15:40:23,704 INFO  [org.hibernate.transaction.TransactionManagerLookupFactory] No TransactionManagerLookup configured (in JTA environment, use of read-write or transactional second-level cache is not recommended)
2013-07-09 15:40:23,705 INFO  [org.hibernate.cfg.SettingsFactory] Automatic flush during beforeCompletion(): disabled
2013-07-09 15:40:23,705 INFO  [org.hibernate.cfg.SettingsFactory] Automatic session close at end of transaction: disabled
2013-07-09 15:40:23,705 INFO  [org.hibernate.cfg.SettingsFactory] JDBC batch size: 50
2013-07-09 15:40:23,705 INFO  [org.hibernate.cfg.SettingsFactory] JDBC batch updates for versioned data: enabled
2013-07-09 15:40:23,705 INFO  [org.hibernate.cfg.SettingsFactory] Scrollable result sets: enabled
2013-07-09 15:40:23,705 INFO  [org.hibernate.cfg.SettingsFactory] JDBC3 getGeneratedKeys(): enabled
2013-07-09 15:40:23,705 INFO  [org.hibernate.cfg.SettingsFactory] Connection release mode: auto
2013-07-09 15:40:23,706 INFO  [org.hibernate.cfg.SettingsFactory] Default schema: clinlims
2013-07-09 15:40:23,706 INFO  [org.hibernate.cfg.SettingsFactory] Default batch fetch size: 1
2013-07-09 15:40:23,706 INFO  [org.hibernate.cfg.SettingsFactory] Generate SQL with comments: disabled
2013-07-09 15:40:23,706 INFO  [org.hibernate.cfg.SettingsFactory] Order SQL updates by primary key: disabled
2013-07-09 15:40:23,706 INFO  [org.hibernate.cfg.SettingsFactory] Query translator: org.hibernate.hql.classic.ClassicQueryTranslatorFactory
2013-07-09 15:40:23,708 INFO  [org.hibernate.cfg.SettingsFactory] Query language substitutions: {}
2013-07-09 15:40:23,708 INFO  [org.hibernate.cfg.SettingsFactory] Second-level cache: disabled
2013-07-09 15:40:23,708 INFO  [org.hibernate.cfg.SettingsFactory] Query cache: disabled
2013-07-09 15:40:23,709 INFO  [org.hibernate.cfg.SettingsFactory] Optimize cache for minimal puts: disabled
2013-07-09 15:40:23,709 INFO  [org.hibernate.cfg.SettingsFactory] Structured second-level cache entries: disabled
2013-07-09 15:40:23,713 INFO  [org.hibernate.cfg.SettingsFactory] Statistics: disabled
2013-07-09 15:40:23,713 INFO  [org.hibernate.cfg.SettingsFactory] Deleted entity synthetic identifier rollback: disabled
2013-07-09 15:40:23,713 INFO  [org.hibernate.cfg.SettingsFactory] Default entity-mode: pojo
2013-07-09 15:40:23,736 INFO  [org.hibernate.impl.SessionFactoryImpl] building session factory
2013-07-09 15:40:24,184 ERROR [us.mn.state.health.lims.common.log.LogEvent] Class: SiteInformationsDAOImpl, Method: getAllSiteInformation(), Error: java.lang.NullPointerException
2013-07-09 15:40:24,969 INFO  [org.hibernate.impl.SessionFactoryObjectFactory] Not binding factory to JNDI, no JNDI name configured
2013-07-09 15:40:25,240 INFO  [us.mn.state.health.lims.common.log.LogEvent] Class: TestUsagebacklog, Method: handleBacklog, Info: Gathering triggered: 09-07-2013 03:40
2013-07-09 15:40:26,073 INFO  [org.apache.struts.tiles.TilesPlugin] Tiles definition factory loaded for module ''.
2013-07-09 15:40:26,079 INFO  [org.apache.struts.validator.ValidatorPlugIn] Loading validation rules file from '/WEB-INF/validator-rules.xml'
2013-07-09 15:40:26,079 INFO  [org.apache.struts.validator.ValidatorPlugIn] Loading validation rules file from '/WEB-INF/validation-globalOpenELIS.xml'
2013-07-09 15:40:26,080 INFO  [org.apache.struts.validator.ValidatorPlugIn] Loading validation rules file from '/WEB-INF/validation.xml'
2013-07-09 15:40:26,227 ERROR [org.apache.commons.validator.FormSet] Form 'organizationForm' already exists in FormSet[default] - ignoring.
2013-07-09 15:40:35,874 INFO  [org.apache.struts.tiles.TilesRequestProcessor] Tiles definition factory found for request processor ''.
2013-07-09 15:40:35,898 INFO  [us.mn.state.health.lims.common.log.LogEvent] Class: LoginBaseAction, Method: setFormAttributes(), Info: LoginBaseAction formName = loginForm actionName Login
2013-07-09 15:40:39,173 INFO  [us.mn.state.health.lims.common.log.LogEvent] Class: AggregateReportJob, Method: execute(), Info: Reporting triggered: 09-07-2013 03:40
2013-07-09 15:40:39,606 WARN  [us.mn.state.health.lims.common.log.LogEvent] Class: HttpPutSender, Method: send message, Warning:url is null
2013-07-09 15:40:39,618 INFO  [us.mn.state.health.lims.common.log.LogEvent] Class: AggregateReportJob, Method: retry(), Info: Will attempt to resend report in 10 minutes.
2013-07-09 15:40:42,474 WARN  [org.apache.commons.validator.ValidatorResources] Form 'loginValidateForm' not found for locale 'en_GB'
2013-07-09 15:40:42,651 INFO  [us.mn.state.health.lims.common.log.LogEvent] Class: LoginValidateAction, Method: performAction(), Info: ======> USER TYPE: ADMIN
2013-07-09 15:40:42,651 INFO  [us.mn.state.health.lims.common.log.LogEvent] Class: LoginBaseAction, Method: setFormAttributes(), Info: LoginBaseAction formName = loginValidateForm actionName LoginValidate
2013-07-09 15:40:42,656 INFO  [us.mn.state.health.lims.common.log.LogEvent] Class: BaseAction, Method: setFormAttributes(), Info: Main
2013-07-09 15:40:45,281 INFO  [us.mn.state.health.lims.common.log.LogEvent] Class: MalariaSurveilance, Method: execute(), Info: Gathering triggered: 09-07-2013 03:40
2013-07-09 15:40:46,152 INFO  [us.mn.state.health.lims.common.log.LogEvent] Class: BaseAction, Method: setFormAttributes(), Info: SampleEdit
2013-07-09 15:40:47,110 WARN  [us.mn.state.health.lims.common.log.LogEvent] Class: HttpPutSender, Method: send message, Warning:url is null
2013-07-09 15:40:56,763 INFO  [us.mn.state.health.lims.common.log.LogEvent] Class: BaseAction, Method: setFormAttributes(), Info: SampleEdit
2013-07-09 15:41:11,011 INFO  [us.mn.state.health.lims.common.log.LogEvent] Class: BaseAction, Method: setFormAttributes(), Info: SampleEdit
2013-07-09 15:41:11,024 INFO  [us.mn.state.health.lims.common.log.LogEvent] Class: BaseAction, Method: setFormAttributes(), Info: SampleEdit
2013-07-09 15:41:24,343 INFO  [us.mn.state.health.lims.common.log.LogEvent] Class: BaseAction, Method: setFormAttributes(), Info: SampleEdit
2013-07-09 15:42:07,316 INFO  [org.apache.commons.httpclient.HttpMethodDirector] I/O exception (java.net.ConnectException) caught when processing request: Operation timed out
2013-07-09 15:42:07,317 INFO  [org.apache.commons.httpclient.HttpMethodDirector] Retrying request
2013-07-09 15:42:34,072 INFO  [org.apache.commons.httpclient.HttpMethodDirector] I/O exception (java.net.ConnectException) caught when processing request: Operation timed out
2013-07-09 15:42:34,073 INFO  [org.apache.commons.httpclient.HttpMethodDirector] Retrying request
2013-07-09 15:43:22,681 INFO  [org.apache.commons.httpclient.HttpMethodDirector] I/O exception (java.net.ConnectException) caught when processing request: Operation timed out
2013-07-09 15:43:22,681 INFO  [org.apache.commons.httpclient.HttpMethodDirector] Retrying request
2013-07-09 15:43:49,399 INFO  [org.apache.commons.httpclient.HttpMethodDirector] I/O exception (java.net.ConnectException) caught when processing request: Operation timed out
2013-07-09 15:43:49,399 INFO  [org.apache.commons.httpclient.HttpMethodDirector] Retrying request
2013-07-09 15:44:38,507 INFO  [org.apache.commons.httpclient.HttpMethodDirector] I/O exception (java.net.ConnectException) caught when processing request: Operation timed out
2013-07-09 15:44:38,507 INFO  [org.apache.commons.httpclient.HttpMethodDirector] Retrying request
2013-07-09 15:45:04,802 INFO  [org.apache.commons.httpclient.HttpMethodDirector] I/O exception (java.net.ConnectException) caught when processing request: Operation timed out
2013-07-09 15:45:04,802 INFO  [org.apache.commons.httpclient.HttpMethodDirector] Retrying request
2013-07-09 15:45:53,901 ERROR [us.mn.state.health.lims.common.log.LogEvent] Class: ExternalPatientSearch, Method: doSearch(), Error: java.net.ConnectException: Operation timed out
2013-07-09 15:46:20,252 ERROR [us.mn.state.health.lims.common.log.LogEvent] Class: ExternalPatientSearch, Method: doSearch(), Error: java.net.ConnectException: Operation timed out
2013-07-09 15:49:42,772 ERROR [us.mn.state.health.lims.common.log.LogEvent] Class: DefaultConfigurationProperties, Method: , Error: java.lang.NullPointerException
2013-07-09 15:49:42,774 ERROR [us.mn.state.health.lims.common.log.LogEvent] Class: Versioning, Method: , Error: java.lang.NullPointerException
2013-07-09 15:49:42,882 ERROR [us.mn.state.health.lims.common.log.LogEvent] Class: SystemConfiguration, Method: Constructor, Error: java.lang.NullPointerException
2013-07-09 15:50:39,670 WARN  [us.mn.state.health.lims.common.log.LogEvent] Class: HttpPutSender, Method: send message, Warning:url is null
2013-07-09 15:50:39,678 INFO  [us.mn.state.health.lims.common.log.LogEvent] Class: AggregateReportJob, Method: retry(), Info: Will attempt to resend report in 20 minutes.
